Release 14.7 - xst P.20131013 (nt64)
Copyright (c) 1995-2013 Xilinx, Inc.  All rights reserved.
--> Parameter TMPDIR set to xst/projnav.tmp


Total REAL time to Xst completion: 0.00 secs
Total CPU time to Xst completion: 0.06 secs
 
--> Parameter xsthdpdir set to xst


Total REAL time to Xst completion: 0.00 secs
Total CPU time to Xst completion: 0.06 secs
 
--> Reading design: Top_OExp03_IP2SOC.prj

TABLE OF CONTENTS
  1) Synthesis Options Summary
  2) HDL Parsing
  3) HDL Elaboration
  4) HDL Synthesis
       4.1) HDL Synthesis Report
  5) Advanced HDL Synthesis
       5.1) Advanced HDL Synthesis Report
  6) Low Level Synthesis
  7) Partition Report
  8) Design Summary
       8.1) Primitive and Black Box Usage
       8.2) Device utilization summary
       8.3) Partition Resource Summary
       8.4) Timing Report
            8.4.1) Clock Information
            8.4.2) Asynchronous Control Signals Information
            8.4.3) Timing Summary
            8.4.4) Timing Details
            8.4.5) Cross Clock Domains Report


=========================================================================
*                      Synthesis Options Summary                        *
=========================================================================
---- Source Parameters
Input File Name                    : "Top_OExp03_IP2SOC.prj"
Ignore Synthesis Constraint File   : NO

---- Target Parameters
Output File Name                   : "Top_OExp03_IP2SOC"
Output Format                      : NGC
Target Device                      : xc7k160t-2L-fbg676

---- Source Options
Top Module Name                    : Top_OExp03_IP2SOC
Automatic FSM Extraction           : YES
FSM Encoding Algorithm             : Auto
Safe Implementation                : No
FSM Style                          : LUT
RAM Extraction                     : Yes
RAM Style                          : Auto
ROM Extraction                     : Yes
Shift Register Extraction          : YES
ROM Style                          : Auto
Resource Sharing                   : YES
Asynchronous To Synchronous        : NO
Shift Register Minimum Size        : 2
Use DSP Block                      : Auto
Automatic Register Balancing       : No

---- Target Options
LUT Combining                      : Auto
Reduce Control Sets                : Auto
Add IO Buffers                     : YES
Global Maximum Fanout              : 100000
Add Generic Clock Buffer(BUFG)     : 32
Register Duplication               : YES
Optimize Instantiated Primitives   : NO
Use Clock Enable                   : Auto
Use Synchronous Set                : Auto
Use Synchronous Reset              : Auto
Pack IO Registers into IOBs        : Auto
Equivalent register Removal        : YES

---- General Options
Optimization Goal                  : Speed
Optimization Effort                : 1
Power Reduction                    : NO
Keep Hierarchy                     : No
Netlist Hierarchy                  : As_Optimized
RTL Output                         : Yes
Global Optimization                : AllClockNets
Read Cores                         : YES
Write Timing Constraints           : NO
Cross Clock Analysis               : NO
Hierarchy Separator                : /
Bus Delimiter                      : <>
Case Specifier                     : Maintain
Slice Utilization Ratio            : 100
BRAM Utilization Ratio             : 100
DSP48 Utilization Ratio            : 100
Auto BRAM Packing                  : NO
Slice Utilization Ratio Delta      : 5

---- Other Options
Cores Search Directories           : {"IO" "ipcore_dir"  }

=========================================================================


=========================================================================
*                          HDL Parsing                                  *
=========================================================================
Analyzing Verilog file "H:\FPGALab\ISEDesignProjects\SCPU\src_scpu\SCPU\datapath\RF.v" into library work
Parsing module <RF>.
Analyzing Verilog file "H:\FPGALab\ISEDesignProjects\SCPU\src_scpu\SCPU\datapath\PC.v" into library work
Parsing module <pc>.
Analyzing Verilog file "H:\FPGALab\ISEDesignProjects\SCPU\src_scpu\SCPU\datapath\mux.v" into library work
Parsing module <two_way_mux_32_bit>.
Parsing module <four_way_mux_5_bit>.
Analyzing Verilog file "H:\FPGALab\ISEDesignProjects\SCPU\src_scpu\SCPU\datapath\EXT.v" into library work
Parsing module <EXT>.
Analyzing Verilog file "H:\FPGALab\ISEDesignProjects\SCPU\src_scpu\SCPU\datapath\alu.v" into library work
Parsing module <alu>.
Analyzing Verilog file "H:\FPGALab\ISEDesignProjects\SCPU\src_scpu\SCPU\datapath\addAddress.v" into library work
Parsing module <addAddress>.
Analyzing Verilog file "H:\FPGALab\ISEDesignProjects\SCPU\src_scpu\SCPU\datapath\add4.v" into library work
Parsing module <add4>.
Analyzing Verilog file "H:\FPGALab\ISEDesignProjects\SCPU\src_scpu\SCPU\control\ctrl.v" into library work
Parsing verilog file "define/ctrl_encode_def.v" included at line 1.
Parsing module <ctrl>.
Analyzing Verilog file "H:\FPGALab\ISEDesignProjects\SCPU\src_scpu\SCPU\control\alu_ctrl.v" into library work
Parsing verilog file "define/ctrl_encode_def.v" included at line 1.
Parsing module <alu_ctrl>.
Analyzing Verilog file "H:\FPGALab\ISEDesignProjects\SCPU\src_scpu\SCPU\SCPU.v" into library work
Parsing module <SCPU>.
Analyzing Verilog file "H:\FPGALab\ISEDesignProjects\SCPU\ipcore_dir\ROM_D.v" into library work
Parsing module <ROM_D>.
Analyzing Verilog file "H:\FPGALab\ISEDesignProjects\SCPU\ipcore_dir\RAM_B.v" into library work
Parsing module <RAM_B>.
Analyzing Verilog file "H:\FPGALab\ISEDesignProjects\SCPU\IO\SSeg7_Dev_IO.v" into library work
Parsing module <SSeg7_Dev>.
Analyzing Verilog file "H:\FPGALab\ISEDesignProjects\SCPU\IO\SPIO_IO.v" into library work
Parsing module <SPIO>.
Analyzing Verilog file "H:\FPGALab\ISEDesignProjects\SCPU\IO\SEnter_2_32_IO.v" into library work
Parsing module <SEnter_2_32>.
Analyzing Verilog file "H:\FPGALab\ISEDesignProjects\SCPU\IO\SAnti_jitter_IO.v" into library work
Parsing module <SAnti_jitter>.
Analyzing Verilog file "H:\FPGALab\ISEDesignProjects\SCPU\IO\Multi_8CH32_IO.v" into library work
Parsing module <Multi_8CH32>.
Analyzing Verilog file "H:\FPGALab\ISEDesignProjects\SCPU\IO\MIO_BUS_IO.v" into library work
Parsing module <MIO_BUS>.
Analyzing Verilog file "H:\FPGALab\ISEDesignProjects\SCPU\IO\Counter_3_IO.v" into library work
Parsing module <Counter_x>.
Analyzing Verilog file "H:\FPGALab\ISEDesignProjects\SCPU\IO\clk_div.v" into library work
Parsing module <clk_div>.
Analyzing Verilog file "H:\FPGALab\ISEDesignProjects\SCPU\Top.vf" into library work
Parsing module <Top_OExp03_IP2SOC>.

=========================================================================
*                            HDL Elaboration                            *
=========================================================================

Elaborating module <Top_OExp03_IP2SOC>.

Elaborating module <SEnter_2_32>.
WARNING:HDLCompiler:1499 - "H:\FPGALab\ISEDesignProjects\SCPU\IO\SEnter_2_32_IO.v" Line 21: Empty module <SEnter_2_32> remains a black box.
WARNING:HDLCompiler:1127 - "H:\FPGALab\ISEDesignProjects\SCPU\Top.vf" Line 107: Assignment to Ai ignored, since the identifier is never used
WARNING:HDLCompiler:1127 - "H:\FPGALab\ISEDesignProjects\SCPU\Top.vf" Line 108: Assignment to Bi ignored, since the identifier is never used
WARNING:HDLCompiler:1127 - "H:\FPGALab\ISEDesignProjects\SCPU\Top.vf" Line 109: Assignment to blink ignored, since the identifier is never used

Elaborating module <SCPU>.

Elaborating module <ctrl>.

Elaborating module <alu_ctrl>.
WARNING:HDLCompiler:189 - "H:\FPGALab\ISEDesignProjects\SCPU\src_scpu\SCPU\SCPU.v" Line 55: Size mismatch in connection of port <ALUOp>. Formal port size is 2-bit while actual signal size is 3-bit.

Elaborating module <pc>.

Elaborating module <add4>.

Elaborating module <RF>.

Elaborating module <EXT>.

Elaborating module <alu>.

Elaborating module <addAddress>.

Elaborating module <four_way_mux_5_bit>.

Elaborating module <two_way_mux_32_bit>.

Elaborating module <ROM_D>.
WARNING:HDLCompiler:1499 - "H:\FPGALab\ISEDesignProjects\SCPU\ipcore_dir\ROM_D.v" Line 39: Empty module <ROM_D> remains a black box.

Elaborating module <RAM_B>.
WARNING:HDLCompiler:1499 - "H:\FPGALab\ISEDesignProjects\SCPU\ipcore_dir\RAM_B.v" Line 39: Empty module <RAM_B> remains a black box.

Elaborating module <MIO_BUS>.
WARNING:HDLCompiler:1499 - "H:\FPGALab\ISEDesignProjects\SCPU\IO\MIO_BUS_IO.v" Line 21: Empty module <MIO_BUS> remains a black box.

Elaborating module <Multi_8CH32>.
WARNING:HDLCompiler:1499 - "H:\FPGALab\ISEDesignProjects\SCPU\IO\Multi_8CH32_IO.v" Line 21: Empty module <Multi_8CH32> remains a black box.

Elaborating module <SSeg7_Dev>.
WARNING:HDLCompiler:1499 - "H:\FPGALab\ISEDesignProjects\SCPU\IO\SSeg7_Dev_IO.v" Line 21: Empty module <SSeg7_Dev> remains a black box.

Elaborating module <SPIO>.
WARNING:HDLCompiler:1499 - "H:\FPGALab\ISEDesignProjects\SCPU\IO\SPIO_IO.v" Line 21: Empty module <SPIO> remains a black box.

Elaborating module <clk_div>.

Elaborating module <SAnti_jitter>.
WARNING:HDLCompiler:1499 - "H:\FPGALab\ISEDesignProjects\SCPU\IO\SAnti_jitter_IO.v" Line 21: Empty module <SAnti_jitter> remains a black box.
WARNING:HDLCompiler:1127 - "H:\FPGALab\ISEDesignProjects\SCPU\Top.vf" Line 209: Assignment to Pulse ignored, since the identifier is never used

Elaborating module <Counter_x>.
WARNING:HDLCompiler:1127 - "H:\FPGALab\ISEDesignProjects\SCPU\IO\Counter_3_IO.v" Line 43: Assignment to M2 ignored, since the identifier is never used
WARNING:HDLCompiler:634 - "H:\FPGALab\ISEDesignProjects\SCPU\IO\Counter_3_IO.v" Line 36: Net <counter1[32]> does not have a driver.

Elaborating module <VCC>.
WARNING:HDLCompiler:1127 - "H:\FPGALab\ISEDesignProjects\SCPU\Top.vf" Line 224: Assignment to V5 ignored, since the identifier is never used

Elaborating module <GND>.

Elaborating module <INV>.
WARNING:HDLCompiler:552 - "H:\FPGALab\ISEDesignProjects\SCPU\Top.vf" Line 111: Input port MIO_ready is not connected on this instance

=========================================================================
*                           HDL Synthesis                               *
=========================================================================

Synthesizing Unit <Top_OExp03_IP2SOC>.
    Related source file is "H:\FPGALab\ISEDesignProjects\SCPU\Top.vf".
    Set property "LOC = E13,F14,G14,D14" for signal <BTN_y>.
    Set property "LOC = K13,K14,J13,J14,H13,H14,G12,F12" for signal <SW>.
    Set property "LOC = T9" for signal <clk_100mhz>.
WARNING:Xst:2898 - Port 'MIO_ready', unconnected in block instance 'U1', is tied to GND.
INFO:Xst:3210 - "H:\FPGALab\ISEDesignProjects\SCPU\Top.vf" line 102: Output port <Ai> of the instance <M4> is unconnected or connected to loadless signal.
INFO:Xst:3210 - "H:\FPGALab\ISEDesignProjects\SCPU\Top.vf" line 102: Output port <Bi> of the instance <M4> is unconnected or connected to loadless signal.
INFO:Xst:3210 - "H:\FPGALab\ISEDesignProjects\SCPU\Top.vf" line 102: Output port <blink> of the instance <M4> is unconnected or connected to loadless signal.
INFO:Xst:3210 - "H:\FPGALab\ISEDesignProjects\SCPU\Top.vf" line 111: Output port <CPU_MIO> of the instance <U1> is unconnected or connected to loadless signal.
INFO:Xst:3210 - "H:\FPGALab\ISEDesignProjects\SCPU\Top.vf" line 182: Output port <GPIOf0> of the instance <U7> is unconnected or connected to loadless signal.
INFO:Xst:3210 - "H:\FPGALab\ISEDesignProjects\SCPU\Top.vf" line 199: Output port <pulse_out> of the instance <U9> is unconnected or connected to loadless signal.
    Summary:
	no macro.
Unit <Top_OExp03_IP2SOC> synthesized.

Synthesizing Unit <SCPU>.
    Related source file is "H:\FPGALab\ISEDesignProjects\SCPU\src_scpu\SCPU\SCPU.v".
WARNING:Xst:647 - Input <INT> is never used. This port will be preserved and left unconnected if it belongs to a top-level block or it belongs to a sub-block and the hierarchy of this sub-block is preserved.
WARNING:Xst:647 - Input <MIO_ready> is never used. This port will be preserved and left unconnected if it belongs to a top-level block or it belongs to a sub-block and the hierarchy of this sub-block is preserved.
WARNING:Xst:653 - Signal <CPU_MIO> is used but never assigned. This sourceless signal will be automatically connected to value GND.
    Summary:
	no macro.
Unit <SCPU> synthesized.

Synthesizing Unit <ctrl>.
    Related source file is "H:\FPGALab\ISEDesignProjects\SCPU\src_scpu\SCPU\control\ctrl.v".
WARNING:Xst:737 - Found 1-bit latch for signal <RegDst<1>>. Latches may be generated from incomplete case or if statements. We do not recommend the use of latches in FPGA/CPLD designs, as they may lead to timing problems.
WARNING:Xst:737 - Found 1-bit latch for signal <RegDst<0>>. Latches may be generated from incomplete case or if statements. We do not recommend the use of latches in FPGA/CPLD designs, as they may lead to timing problems.
WARNING:Xst:737 - Found 1-bit latch for signal <Jump>. Latches may be generated from incomplete case or if statements. We do not recommend the use of latches in FPGA/CPLD designs, as they may lead to timing problems.
WARNING:Xst:737 - Found 1-bit latch for signal <Branch>. Latches may be generated from incomplete case or if statements. We do not recommend the use of latches in FPGA/CPLD designs, as they may lead to timing problems.
WARNING:Xst:737 - Found 1-bit latch for signal <Mem2Reg>. Latches may be generated from incomplete case or if statements. We do not recommend the use of latches in FPGA/CPLD designs, as they may lead to timing problems.
WARNING:Xst:737 - Found 1-bit latch for signal <ALUOp<1>>. Latches may be generated from incomplete case or if statements. We do not recommend the use of latches in FPGA/CPLD designs, as they may lead to timing problems.
WARNING:Xst:737 - Found 1-bit latch for signal <ALUOp<0>>. Latches may be generated from incomplete case or if statements. We do not recommend the use of latches in FPGA/CPLD designs, as they may lead to timing problems.
WARNING:Xst:737 - Found 1-bit latch for signal <MemWrite>. Latches may be generated from incomplete case or if statements. We do not recommend the use of latches in FPGA/CPLD designs, as they may lead to timing problems.
WARNING:Xst:737 - Found 1-bit latch for signal <ALUSrc>. Latches may be generated from incomplete case or if statements. We do not recommend the use of latches in FPGA/CPLD designs, as they may lead to timing problems.
WARNING:Xst:737 - Found 1-bit latch for signal <RegWrite>. Latches may be generated from incomplete case or if statements. We do not recommend the use of latches in FPGA/CPLD designs, as they may lead to timing problems.
    Summary:
	inferred  10 Latch(s).
	inferred  10 Multiplexer(s).
Unit <ctrl> synthesized.

Synthesizing Unit <alu_ctrl>.
    Related source file is "H:\FPGALab\ISEDesignProjects\SCPU\src_scpu\SCPU\control\alu_ctrl.v".
WARNING:Xst:737 - Found 1-bit latch for signal <ALUctrl<1>>. Latches may be generated from incomplete case or if statements. We do not recommend the use of latches in FPGA/CPLD designs, as they may lead to timing problems.
WARNING:Xst:737 - Found 1-bit latch for signal <ALUctrl<0>>. Latches may be generated from incomplete case or if statements. We do not recommend the use of latches in FPGA/CPLD designs, as they may lead to timing problems.
WARNING:Xst:737 - Found 1-bit latch for signal <ALUctrl<2>>. Latches may be generated from incomplete case or if statements. We do not recommend the use of latches in FPGA/CPLD designs, as they may lead to timing problems.
    Summary:
	inferred   3 Latch(s).
	inferred  13 Multiplexer(s).
Unit <alu_ctrl> synthesized.

Synthesizing Unit <pc>.
    Related source file is "H:\FPGALab\ISEDesignProjects\SCPU\src_scpu\SCPU\datapath\PC.v".
    Found 32-bit register for signal <output_pc>.
    Summary:
	inferred  32 D-type flip-flop(s).
Unit <pc> synthesized.

Synthesizing Unit <add4>.
    Related source file is "H:\FPGALab\ISEDesignProjects\SCPU\src_scpu\SCPU\datapath\add4.v".
    Found 32-bit adder for signal <add4_out> created at line 5.
    Summary:
	inferred   1 Adder/Subtractor(s).
Unit <add4> synthesized.

Synthesizing Unit <RF>.
    Related source file is "H:\FPGALab\ISEDesignProjects\SCPU\src_scpu\SCPU\datapath\RF.v".
    Found 32x32-bit dual-port RAM <Mram_register> for signal <register>.
    Summary:
	inferred   2 RAM(s).
Unit <RF> synthesized.

Synthesizing Unit <EXT>.
    Related source file is "H:\FPGALab\ISEDesignProjects\SCPU\src_scpu\SCPU\datapath\EXT.v".
    Summary:
	no macro.
Unit <EXT> synthesized.

Synthesizing Unit <alu>.
    Related source file is "H:\FPGALab\ISEDesignProjects\SCPU\src_scpu\SCPU\datapath\alu.v".
    Found 32-bit subtractor for signal <alu_src_a[31]_alu_src_b[31]_sub_2_OUT> created at line 11.
    Found 32-bit adder for signal <alu_src_a[31]_alu_src_b[31]_add_0_OUT> created at line 10.
    Found 32-bit 7-to-1 multiplexer for signal <alu_output> created at line 9.
    Found 32-bit comparator greater for signal <alu_src_a[31]_alu_src_b[31]_LessThan_6_o> created at line 14
    Summary:
	inferred   1 Adder/Subtractor(s).
	inferred   1 Comparator(s).
	inferred  11 Multiplexer(s).
Unit <alu> synthesized.

Synthesizing Unit <addAddress>.
    Related source file is "H:\FPGALab\ISEDesignProjects\SCPU\src_scpu\SCPU\datapath\addAddress.v".
    Found 32-bit adder for signal <addout> created at line 6.
    Summary:
	inferred   1 Adder/Subtractor(s).
Unit <addAddress> synthesized.

Synthesizing Unit <four_way_mux_5_bit>.
    Related source file is "H:\FPGALab\ISEDesignProjects\SCPU\src_scpu\SCPU\datapath\mux.v".
    Found 5-bit 3-to-1 multiplexer for signal <result> created at line 22.
    Summary:
	inferred   1 Multiplexer(s).
Unit <four_way_mux_5_bit> synthesized.

Synthesizing Unit <two_way_mux_32_bit>.
    Related source file is "H:\FPGALab\ISEDesignProjects\SCPU\src_scpu\SCPU\datapath\mux.v".
    Summary:
	inferred   1 Multiplexer(s).
Unit <two_way_mux_32_bit> synthesized.

Synthesizing Unit <clk_div>.
    Related source file is "H:\FPGALab\ISEDesignProjects\SCPU\IO\clk_div.v".
    Found 32-bit register for signal <clkdiv>.
    Found 32-bit adder for signal <clkdiv[31]_GND_34_o_add_0_OUT> created at line 32.
    Summary:
	inferred   1 Adder/Subtractor(s).
	inferred  32 D-type flip-flop(s).
	inferred   1 Multiplexer(s).
Unit <clk_div> synthesized.

Synthesizing Unit <Counter_x>.
    Related source file is "H:\FPGALab\ISEDesignProjects\SCPU\IO\Counter_3_IO.v".
WARNING:Xst:647 - Input <clk1> is never used. This port will be preserved and left unconnected if it belongs to a top-level block or it belongs to a sub-block and the hierarchy of this sub-block is preserved.
WARNING:Xst:647 - Input <clk2> is never used. This port will be preserved and left unconnected if it belongs to a top-level block or it belongs to a sub-block and the hierarchy of this sub-block is preserved.
WARNING:Xst:653 - Signal <counter1<32>> is used but never assigned. This sourceless signal will be automatically connected to value GND.
WARNING:Xst:653 - Signal <counter2<32>> is used but never assigned. This sourceless signal will be automatically connected to value GND.
    Found 24-bit register for signal <counter_Ctrl>.
    Found 33-bit register for signal <counter0>.
    Found 32-bit register for signal <counter0_Lock>.
    Found 1-bit register for signal <sq0>.
    Found 1-bit register for signal <M0>.
    Found 1-bit register for signal <clr0>.
    Found 33-bit subtractor for signal <counter0[32]_GND_36_o_sub_26_OUT> created at line 77.
    Found 33-bit 4-to-1 multiplexer for signal <counter_Ctrl[2]_counter0[32]_wide_mux_26_OUT> created at line 70.
    Found 1-bit comparator not equal for signal <n0017> created at line 76
    Summary:
	inferred   1 Adder/Subtractor(s).
	inferred  92 D-type flip-flop(s).
	inferred   1 Comparator(s).
	inferred   5 Multiplexer(s).
Unit <Counter_x> synthesized.

=========================================================================
HDL Synthesis Report

Macro Statistics
# RAMs                                                 : 2
 32x32-bit dual-port RAM                               : 2
# Adders/Subtractors                                   : 5
 32-bit adder                                          : 3
 32-bit addsub                                         : 1
 33-bit subtractor                                     : 1
# Registers                                            : 8
 1-bit register                                        : 3
 24-bit register                                       : 1
 32-bit register                                       : 3
 33-bit register                                       : 1
# Latches                                              : 13
 1-bit latch                                           : 13
# Comparators                                          : 2
 1-bit comparator not equal                            : 1
 32-bit comparator greater                             : 1
# Multiplexers                                         : 45
 1-bit 2-to-1 multiplexer                              : 24
 32-bit 2-to-1 multiplexer                             : 15
 33-bit 2-to-1 multiplexer                             : 4
 33-bit 4-to-1 multiplexer                             : 1
 5-bit 3-to-1 multiplexer                              : 1

=========================================================================
INFO:Xst:1767 - HDL ADVISOR - Resource sharing has identified that some arithmetic operations in this design can share the same physical resources for reduced device utilization. For improved clock frequency you may try to disable resource sharing.
WARNING:Xst - Property LOC on signal <SW> is not of the expected size.
WARNING:Xst - Property LOC on signal <SW> is not of the expected size.
WARNING:Xst - Property LOC on signal <SW> is not of the expected size.
WARNING:Xst - Property LOC on signal <SW> is not of the expected size.
WARNING:Xst - Property LOC on signal <SW> is not of the expected size.
WARNING:Xst - Property LOC on signal <SW> is not of the expected size.
WARNING:Xst - Property LOC on signal <SW> is not of the expected size.
WARNING:Xst - Property LOC on signal <SW> is not of the expected size.

=========================================================================
*                       Advanced HDL Synthesis                          *
=========================================================================

Reading core <IO/SAnti_jitter.ngc>.
Reading core <IO/SEnter_2_32.ngc>.
Reading core <IO/MIO_BUS.ngc>.
Reading core <IO/SSeg7_Dev.ngc>.
Reading core <IO/Multi_8CH32.ngc>.
Reading core <IO/SPIO.ngc>.
Reading core <ipcore_dir/RAM_B.ngc>.
Reading core <ipcore_dir/ROM_D.ngc>.
Loading core <SAnti_jitter> for timing and area information for instance <U9>.
Loading core <SEnter_2_32> for timing and area information for instance <M4>.
Loading core <MIO_BUS> for timing and area information for instance <U4>.
Loading core <SSeg7_Dev> for timing and area information for instance <U6>.
Loading core <Multi_8CH32> for timing and area information for instance <U5>.
Loading core <SPIO> for timing and area information for instance <U7>.
Loading core <RAM_B> for timing and area information for instance <U3>.
Loading core <ROM_D> for timing and area information for instance <U2>.
WARNING:Xst:2677 - Node <counter_Ctrl_0> of sequential type is unconnected in block <U10>.
WARNING:Xst:2677 - Node <counter_Ctrl_3> of sequential type is unconnected in block <U10>.
WARNING:Xst:2677 - Node <counter_Ctrl_4> of sequential type is unconnected in block <U10>.
WARNING:Xst:2677 - Node <counter_Ctrl_5> of sequential type is unconnected in block <U10>.
WARNING:Xst:2677 - Node <counter_Ctrl_6> of sequential type is unconnected in block <U10>.
WARNING:Xst:2677 - Node <counter_Ctrl_7> of sequential type is unconnected in block <U10>.
WARNING:Xst:2677 - Node <counter_Ctrl_8> of sequential type is unconnected in block <U10>.
WARNING:Xst:2677 - Node <counter_Ctrl_9> of sequential type is unconnected in block <U10>.
WARNING:Xst:2677 - Node <counter_Ctrl_10> of sequential type is unconnected in block <U10>.
WARNING:Xst:2677 - Node <counter_Ctrl_11> of sequential type is unconnected in block <U10>.
WARNING:Xst:2677 - Node <counter_Ctrl_12> of sequential type is unconnected in block <U10>.
WARNING:Xst:2677 - Node <counter_Ctrl_13> of sequential type is unconnected in block <U10>.
WARNING:Xst:2677 - Node <counter_Ctrl_14> of sequential type is unconnected in block <U10>.
WARNING:Xst:2677 - Node <counter_Ctrl_15> of sequential type is unconnected in block <U10>.
WARNING:Xst:2677 - Node <counter_Ctrl_16> of sequential type is unconnected in block <U10>.
WARNING:Xst:2677 - Node <counter_Ctrl_17> of sequential type is unconnected in block <U10>.
WARNING:Xst:2677 - Node <counter_Ctrl_18> of sequential type is unconnected in block <U10>.
WARNING:Xst:2677 - Node <counter_Ctrl_19> of sequential type is unconnected in block <U10>.
WARNING:Xst:2677 - Node <counter_Ctrl_20> of sequential type is unconnected in block <U10>.
WARNING:Xst:2677 - Node <counter_Ctrl_21> of sequential type is unconnected in block <U10>.
WARNING:Xst:2677 - Node <counter_Ctrl_22> of sequential type is unconnected in block <U10>.
WARNING:Xst:2677 - Node <counter_Ctrl_23> of sequential type is unconnected in block <U10>.

Synthesizing (advanced) Unit <RF>.
INFO:Xst:3218 - HDL ADVISOR - The RAM <Mram_register> will be implemented on LUTs either because you have described an asynchronous read or because of currently unsupported block RAM features. If you have described an asynchronous read, making it synchronous would allow you to take advantage of available block RAM resources, for optimized device usage and improved timings. Please refer to your documentation for coding guidelines.
    -----------------------------------------------------------------------
    | ram_type           | Distributed                         |          |
    -----------------------------------------------------------------------
    | Port A                                                              |
    |     aspect ratio   | 32-word x 32-bit                    |          |
    |     clkA           | connected to signal <clk>           | rise     |
    |     weA            | connected to internal node          | high     |
    |     addrA          | connected to signal <write_address> |          |
    |     diA            | connected to signal <write_data>    |          |
    -----------------------------------------------------------------------
    | Port B                                                              |
    |     aspect ratio   | 32-word x 32-bit                    |          |
    |     addrB          | connected to signal <read_address_1> |          |
    |     doB            | connected to signal <read_data_1>   |          |
    -----------------------------------------------------------------------
INFO:Xst:3218 - HDL ADVISOR - The RAM <Mram_register1> will be implemented on LUTs either because you have described an asynchronous read or because of currently unsupported block RAM features. If you have described an asynchronous read, making it synchronous would allow you to take advantage of available block RAM resources, for optimized device usage and improved timings. Please refer to your documentation for coding guidelines.
    -----------------------------------------------------------------------
    | ram_type           | Distributed                         |          |
    -----------------------------------------------------------------------
    | Port A                                                              |
    |     aspect ratio   | 32-word x 32-bit                    |          |
    |     clkA           | connected to signal <clk>           | rise     |
    |     weA            | connected to internal node          | high     |
    |     addrA          | connected to signal <write_address> |          |
    |     diA            | connected to signal <write_data>    |          |
    -----------------------------------------------------------------------
    | Port B                                                              |
    |     aspect ratio   | 32-word x 32-bit                    |          |
    |     addrB          | connected to signal <read_address_2> |          |
    |     doB            | connected to signal <read_data_2>   |          |
    -----------------------------------------------------------------------
Unit <RF> synthesized (advanced).

Synthesizing (advanced) Unit <clk_div>.
The following registers are absorbed into counter <clkdiv>: 1 register on signal <clkdiv>.
Unit <clk_div> synthesized (advanced).
WARNING:Xst:2677 - Node <counter_Ctrl_0> of sequential type is unconnected in block <Counter_x>.
WARNING:Xst:2677 - Node <counter_Ctrl_3> of sequential type is unconnected in block <Counter_x>.
WARNING:Xst:2677 - Node <counter_Ctrl_4> of sequential type is unconnected in block <Counter_x>.
WARNING:Xst:2677 - Node <counter_Ctrl_5> of sequential type is unconnected in block <Counter_x>.
WARNING:Xst:2677 - Node <counter_Ctrl_6> of sequential type is unconnected in block <Counter_x>.
WARNING:Xst:2677 - Node <counter_Ctrl_7> of sequential type is unconnected in block <Counter_x>.
WARNING:Xst:2677 - Node <counter_Ctrl_8> of sequential type is unconnected in block <Counter_x>.
WARNING:Xst:2677 - Node <counter_Ctrl_9> of sequential type is unconnected in block <Counter_x>.
WARNING:Xst:2677 - Node <counter_Ctrl_10> of sequential type is unconnected in block <Counter_x>.
WARNING:Xst:2677 - Node <counter_Ctrl_11> of sequential type is unconnected in block <Counter_x>.
WARNING:Xst:2677 - Node <counter_Ctrl_12> of sequential type is unconnected in block <Counter_x>.
WARNING:Xst:2677 - Node <counter_Ctrl_13> of sequential type is unconnected in block <Counter_x>.
WARNING:Xst:2677 - Node <counter_Ctrl_14> of sequential type is unconnected in block <Counter_x>.
WARNING:Xst:2677 - Node <counter_Ctrl_15> of sequential type is unconnected in block <Counter_x>.
WARNING:Xst:2677 - Node <counter_Ctrl_16> of sequential type is unconnected in block <Counter_x>.
WARNING:Xst:2677 - Node <counter_Ctrl_17> of sequential type is unconnected in block <Counter_x>.
WARNING:Xst:2677 - Node <counter_Ctrl_18> of sequential type is unconnected in block <Counter_x>.
WARNING:Xst:2677 - Node <counter_Ctrl_19> of sequential type is unconnected in block <Counter_x>.
WARNING:Xst:2677 - Node <counter_Ctrl_20> of sequential type is unconnected in block <Counter_x>.
WARNING:Xst:2677 - Node <counter_Ctrl_21> of sequential type is unconnected in block <Counter_x>.
WARNING:Xst:2677 - Node <counter_Ctrl_22> of sequential type is unconnected in block <Counter_x>.
WARNING:Xst:2677 - Node <counter_Ctrl_23> of sequential type is unconnected in block <Counter_x>.

=========================================================================
Advanced HDL Synthesis Report

Macro Statistics
# RAMs                                                 : 2
 32x32-bit dual-port distributed RAM                   : 2
# Adders/Subtractors                                   : 4
 32-bit adder                                          : 2
 32-bit addsub                                         : 1
 33-bit subtractor                                     : 1
# Counters                                             : 1
 32-bit up counter                                     : 1
# Registers                                            : 102
 Flip-Flops                                            : 102
# Comparators                                          : 2
 1-bit comparator not equal                            : 1
 32-bit comparator greater                             : 1
# Multiplexers                                         : 108
 1-bit 2-to-1 multiplexer                              : 89
 32-bit 2-to-1 multiplexer                             : 15
 33-bit 2-to-1 multiplexer                             : 2
 33-bit 4-to-1 multiplexer                             : 1
 5-bit 3-to-1 multiplexer                              : 1

=========================================================================

=========================================================================
*                         Low Level Synthesis                           *
=========================================================================
WARNING:Xst:3001 - This design contains one or more registers or latches with an active
   asynchronous set and asynchronous reset. While this circuit can be built,
   it creates a sub-optimal implementation in terms of area, power and
   performance. For a more optimal implementation Xilinx highly recommends
   one of the following:

          1) Remove either the set or reset from all registers and latches if
             not needed for required functionality
          2) Modify the code in order to produce a synchronous set
             and/or reset (both is preferred)
          3) Use the -async_to_sync option to transform the asynchronous
             set/reset to synchronous operation
             (timing simulation highly recommended when using this option)

  Please refer to http://www.xilinx.com search string "Kintex7 asynchronous set/reset" for more details.

  List of register instances with asynchronous set and reset:
    RegWrite in unit <ctrl>
    MemWrite in unit <ctrl>
    Branch in unit <ctrl>
    ALUSrc in unit <ctrl>
    RegDst_0 in unit <ctrl>
    ALUOp_1 in unit <ctrl>
    RegDst_1 in unit <ctrl>
    ALUOp_0 in unit <ctrl>
    Mem2Reg in unit <ctrl>
    Jump in unit <ctrl>


Optimizing unit <pc> ...

Optimizing unit <Top_OExp03_IP2SOC> ...

Optimizing unit <SCPU> ...

Optimizing unit <ctrl> ...

Optimizing unit <alu_ctrl> ...

Optimizing unit <alu> ...

Optimizing unit <Counter_x> ...
WARNING:Xst:1710 - FF/Latch <U1/PC/output_pc_1> (without init value) has a constant value of 0 in block <Top_OExp03_IP2SOC>. This FF/Latch will be trimmed during the optimization process.
WARNING:Xst:1710 - FF/Latch <U1/PC/output_pc_0> (without init value) has a constant value of 0 in block <Top_OExp03_IP2SOC>. This FF/Latch will be trimmed during the optimization process.

Mapping all equations...
Building and optimizing final netlist ...
Found area constraint ratio of 100 (+ 5) on block Top_OExp03_IP2SOC, actual ratio is 1.

Final Macro Processing ...

=========================================================================
Final Register Report

Macro Statistics
# Registers                                            : 132
 Flip-Flops                                            : 132

=========================================================================

=========================================================================
*                           Partition Report                            *
=========================================================================

Partition Implementation Status
-------------------------------

  No Partitions were found in this design.

-------------------------------

=========================================================================
*                            Design Summary                             *
=========================================================================

Top Level Output File Name         : Top_OExp03_IP2SOC.ngc

Primitive and Black Box Usage:
------------------------------
# BELS                             : 2247
#      AND2                        : 8
#      AND3                        : 88
#      AND4                        : 72
#      GND                         : 4
#      INV                         : 88
#      LUT1                        : 125
#      LUT2                        : 71
#      LUT3                        : 222
#      LUT4                        : 198
#      LUT5                        : 256
#      LUT6                        : 460
#      MUXCY                       : 258
#      MUXF7                       : 54
#      OR2                         : 56
#      OR3                         : 24
#      OR4                         : 32
#      VCC                         : 5
#      XORCY                       : 226
# FlipFlops/Latches                : 524
#      FD                          : 190
#      FDC                         : 79
#      FDCE                        : 39
#      FDCE_1                      : 15
#      FDE                         : 111
#      FDE_1                       : 14
#      FDPE_1                      : 3
#      FDR                         : 30
#      FDRE                        : 29
#      FDS                         : 1
#      LD                          : 13
# RAMS                             : 15
#      RAM32M                      : 10
#      RAM32X1D                    : 4
#      RAMB36E1                    : 1
# Clock Buffers                    : 4
#      BUFG                        : 3
#      BUFGP                       : 1
# IO Buffers                       : 37
#      IBUF                        : 21
#      OBUF                        : 16

Device utilization summary:
---------------------------

Selected Device : 7k160tfbg676-2l 


Slice Logic Utilization: 
 Number of Slice Registers:             524  out of  202800     0%  
 Number of Slice LUTs:                 1468  out of  101400     1%  
    Number used as Logic:              1420  out of  101400     1%  
    Number used as Memory:               48  out of  35000     0%  
       Number used as RAM:               48

Slice Logic Distribution: 
 Number of LUT Flip Flop pairs used:   1587
   Number with an unused Flip Flop:    1063  out of   1587    66%  
   Number with an unused LUT:           119  out of   1587     7%  
   Number of fully used LUT-FF pairs:   405  out of   1587    25%  
   Number of unique control sets:        37

IO Utilization: 
 Number of IOs:                          38
 Number of bonded IOBs:                  38  out of    400     9%  

Specific Feature Utilization:
 Number of Block RAM/FIFO:                1  out of    325     0%  
    Number using Block RAM only:          1
 Number of BUFG/BUFGCTRLs:                4  out of     32    12%  

---------------------------
Partition Resource Summary:
---------------------------

  No Partitions were found in this design.

---------------------------


=========================================================================
Timing Report

NOTE: THESE TIMING NUMBERS ARE ONLY A SYNTHESIS ESTIMATE.
      FOR ACCURATE TIMING INFORMATION PLEASE REFER TO THE TRACE REPORT
      GENERATED AFTER PLACE-and-ROUTE.

Clock Information:
------------------
------------------------------------------------------------------------------------+----------------------------------+-------+
Clock Signal                                                                        | Clock buffer(FF name)            | Load  |
------------------------------------------------------------------------------------+----------------------------------+-------+
clk_100mhz                                                                          | BUFGP                            | 262   |
Clk_CPU(U8/Mmux_Clk_CPU11:O)                                                        | BUFG(*)(U1/rf/Mram_register61)   | 185   |
U1/alu_Control/ALUOp[1]_Funct[5]_OR_45_o(U1/alu_Control/ALUOp[1]_Funct[5]_OR_45_o:O)| NONE(*)(U1/alu_Control/ALUctrl_0)| 3     |
U8/clkdiv_6                                                                         | BUFG                             | 35    |
U9/clk1                                                                             | BUFG                             | 41    |
M4/push(M4/push1:O)                                                                 | NONE(*)(M4/state_0)              | 3     |
U1/Control/RegWrite_G(U1/Control/RegWrite_G:O)                                      | NONE(*)(U1/Control/RegWrite)     | 1     |
U1/Control/MemWrite_G(U1/Control/MemWrite_G:O)                                      | NONE(*)(U1/Control/MemWrite)     | 1     |
U1/Control/Branch_G(U1/Control/Branch_G:O)                                          | NONE(*)(U1/Control/Branch)       | 1     |
U1/Control/ALUSrc_G(U1/Control/OP[5]_GND_4_o_AND_6_o1:O)                            | NONE(*)(U1/Control/ALUSrc)       | 1     |
U1/Control/RegDst_0_G(U1/Control/RegDst_0_G:O)                                      | NONE(*)(U1/Control/RegDst_0)     | 1     |
U1/Control/ALUOp_0_G(U1/Control/ALUOp_1_G:O)                                        | NONE(*)(U1/Control/ALUOp_1)      | 2     |
U1/Control/RegDst_1_G(U1/Control/RegDst_1_G:O)                                      | NONE(*)(U1/Control/RegDst_1)     | 1     |
U1/Control/Mem2Reg_G(U1/Control/Mem2Reg_G:O)                                        | NONE(*)(U1/Control/Mem2Reg)      | 1     |
U1/Control/Jump_G(U1/Control/Jump_G:O)                                              | NONE(*)(U1/Control/Jump)         | 1     |
------------------------------------------------------------------------------------+----------------------------------+-------+
(*) These 12 clock signal(s) are generated by combinatorial logic,
and XST is not able to identify which are the primary clock signals.
Please use the CLOCK_SIGNAL constraint to specify the clock signal(s) generated by combinatorial logic.
INFO:Xst:2169 - HDL ADVISOR - Some clock signals were not automatically buffered by XST with BUFG/BUFR resources. Please use the buffer_type constraint in order to insert these buffers to the clock signals to help prevent skew problems.

Asynchronous Control Signals Information:
----------------------------------------
-----------------------------------+-----------------------------------------------------------------------------------------------------------------------------------------+-------+
Control Signal                     | Buffer(FF name)                                                                                                                         | Load  |
-----------------------------------+-----------------------------------------------------------------------------------------------------------------------------------------+-------+
U3/N1(U3/XST_GND:G)                | NONE(U3/U0/xst_blk_mem_generator/gnativebmg.native_blk_mem_gen/valid.cstr/ramloop[0].ram.r/v6_init.ram/NO_BMM_INFO.SP.SIMPLE_PRIM36.ram)| 2     |
-----------------------------------+-----------------------------------------------------------------------------------------------------------------------------------------+-------+

Timing Summary:
---------------
Speed Grade: -2

   Minimum period: 14.269ns (Maximum Frequency: 70.082MHz)
   Minimum input arrival time before clock: 2.109ns
   Maximum output required time after clock: 0.658ns
   Maximum combinational path delay: No path found

Timing Details:
---------------
All values displayed in nanoseconds (ns)

=========================================================================
Timing constraint: Default period analysis for Clock 'clk_100mhz'
  Clock period: 4.920ns (frequency: 203.264MHz)
  Total number of paths / destination ports: 12105 / 333
-------------------------------------------------------------------------
Delay:               4.920ns (Levels of Logic = 12)
  Source:            U9/SW_OK_5 (FF)
  Destination:       U6/M2/buffer_51 (FF)
  Source Clock:      clk_100mhz rising
  Destination Clock: clk_100mhz rising

  Data Path: U9/SW_OK_5 to U6/M2/buffer_51
                                Gate     Net
    Cell:in->out      fanout   Delay   Delay  Logical Name (Net Name)
    ----------------------------------------  ------------
     FDE:C->Q            100   0.236   0.547  SW_OK_5 (SW_OK<5>)
     end scope: 'U9:SW_OK<5>'
     begin scope: 'U4:SW<5>'
     LUT6:I4->O            2   0.043   0.527  Mmux_Cpu_data4bus281 (Cpu_data4bus<5>)
     end scope: 'U4:Cpu_data4bus<5>'
     begin scope: 'U5:data6<5>'
     LUT6:I2->O            1   0.043   0.000  MUX1_DispData/Mmux_o_327 (MUX1_DispData/Mmux_o_327)
     MUXF7:I1->O          13   0.178   0.407  MUX1_DispData/Mmux_o_2_f7_26 (Disp_num<5>)
     end scope: 'U5:Disp_num<5>'
     begin scope: 'U6:Hexs<5>'
     INV:I->O              8   0.054   0.642  SM1/HTS6/MSEG/XLXI_3 (SM1/HTS6/MSEG/XLXN_62)
     AND3:I1->O            1   0.043   0.613  SM1/HTS6/MSEG/XLXI_35 (SM1/HTS6/MSEG/XLXN_172)
     OR3:I0->O             1   0.043   0.603  SM1/HTS6/MSEG/XLXI_36 (SM1/HTS6/MSEG/XLXN_212)
     OR2:I1->O             1   0.043   0.405  SM1/HTS6/MSEG/XLXI_51 (XLXN_390<51>)
     LUT6:I4->O            1   0.043   0.405  M2/mux11011 (M2/state[1]_GND_3_o_wide_mux_15_OUT<51>)
     LUT3:I1->O            1   0.043   0.000  M2/buffer_51_rstpot (M2/buffer_51_rstpot)
     FD:D                     -0.000          M2/buffer_51
    ----------------------------------------
    Total                      4.920ns (0.769ns logic, 4.151ns route)
                                       (15.6% logic, 84.4% route)

=========================================================================
Timing constraint: Default period analysis for Clock 'Clk_CPU'
  Clock period: 14.269ns (frequency: 70.082MHz)
  Total number of paths / destination ports: 128969961 / 456
-------------------------------------------------------------------------
Delay:               7.135ns (Levels of Logic = 56)
  Source:            U1/PC/output_pc_9 (FF)
  Destination:       U5/cpu_point_0 (FF)
  Source Clock:      Clk_CPU rising
  Destination Clock: Clk_CPU falling

  Data Path: U1/PC/output_pc_9 to U5/cpu_point_0
                                Gate     Net
    Cell:in->out      fanout   Delay   Delay  Logical Name (Net Name)
    ----------------------------------------  ------------
     FDR:C->Q             58   0.236   0.630  U1/PC/output_pc_9 (U1/PC/output_pc_9)
     begin scope: 'U2:a<7>'
     LUT3:I0->O            1   0.043   0.613  U0/xst_options.dist_mem_inst/gen_rom.rom_inst/Mram_spo_int44116_SW0 (N10)
     LUT6:I0->O            1   0.043   0.522  U0/xst_options.dist_mem_inst/gen_rom.rom_inst/Mram_spo_int44116 (U0/xst_options.dist_mem_inst/gen_rom.rom_inst/Mram_spo_int44115)
     LUT6:I2->O           21   0.043   0.450  U0/xst_options.dist_mem_inst/gen_rom.rom_inst/Mram_spo_int441113 (spo<17>)
     end scope: 'U2:spo<17>'
     RAM32M:ADDRA1->DOA0    4   0.299   0.367  U1/rf/Mram_register11 (Data_out<0>)
     LUT3:I2->O            6   0.043   0.550  U1/RF2ALUMux/Mmux_result110 (U1/aluIn2<0>)
     LUT4:I0->O            1   0.043   0.000  U1/Alu/Mcompar_alu_src_a[31]_alu_src_b[31]_LessThan_6_o_lut<0> (U1/Alu/Mcompar_alu_src_a[31]_alu_src_b[31]_LessThan_6_o_lut<0>)
     MUXCY:S->O            1   0.238   0.000  U1/Alu/Mcompar_alu_src_a[31]_alu_src_b[31]_LessThan_6_o_cy<0> (U1/Alu/Mcompar_alu_src_a[31]_alu_src_b[31]_LessThan_6_o_cy<0>)
     MUXCY:CI->O           1   0.013   0.000  U1/Alu/Mcompar_alu_src_a[31]_alu_src_b[31]_LessThan_6_o_cy<1> (U1/Alu/Mcompar_alu_src_a[31]_alu_src_b[31]_LessThan_6_o_cy<1>)
     MUXCY:CI->O           1   0.013   0.000  U1/Alu/Mcompar_alu_src_a[31]_alu_src_b[31]_LessThan_6_o_cy<2> (U1/Alu/Mcompar_alu_src_a[31]_alu_src_b[31]_LessThan_6_o_cy<2>)
     MUXCY:CI->O           1   0.013   0.000  U1/Alu/Mcompar_alu_src_a[31]_alu_src_b[31]_LessThan_6_o_cy<3> (U1/Alu/Mcompar_alu_src_a[31]_alu_src_b[31]_LessThan_6_o_cy<3>)
     MUXCY:CI->O           1   0.013   0.000  U1/Alu/Mcompar_alu_src_a[31]_alu_src_b[31]_LessThan_6_o_cy<4> (U1/Alu/Mcompar_alu_src_a[31]_alu_src_b[31]_LessThan_6_o_cy<4>)
     MUXCY:CI->O           1   0.013   0.000  U1/Alu/Mcompar_alu_src_a[31]_alu_src_b[31]_LessThan_6_o_cy<5> (U1/Alu/Mcompar_alu_src_a[31]_alu_src_b[31]_LessThan_6_o_cy<5>)
     MUXCY:CI->O           1   0.013   0.000  U1/Alu/Mcompar_alu_src_a[31]_alu_src_b[31]_LessThan_6_o_cy<6> (U1/Alu/Mcompar_alu_src_a[31]_alu_src_b[31]_LessThan_6_o_cy<6>)
     MUXCY:CI->O           1   0.013   0.000  U1/Alu/Mcompar_alu_src_a[31]_alu_src_b[31]_LessThan_6_o_cy<7> (U1/Alu/Mcompar_alu_src_a[31]_alu_src_b[31]_LessThan_6_o_cy<7>)
     MUXCY:CI->O           1   0.013   0.000  U1/Alu/Mcompar_alu_src_a[31]_alu_src_b[31]_LessThan_6_o_cy<8> (U1/Alu/Mcompar_alu_src_a[31]_alu_src_b[31]_LessThan_6_o_cy<8>)
     MUXCY:CI->O           1   0.013   0.000  U1/Alu/Mcompar_alu_src_a[31]_alu_src_b[31]_LessThan_6_o_cy<9> (U1/Alu/Mcompar_alu_src_a[31]_alu_src_b[31]_LessThan_6_o_cy<9>)
     MUXCY:CI->O           1   0.013   0.000  U1/Alu/Mcompar_alu_src_a[31]_alu_src_b[31]_LessThan_6_o_cy<10> (U1/Alu/Mcompar_alu_src_a[31]_alu_src_b[31]_LessThan_6_o_cy<10>)
     MUXCY:CI->O           1   0.013   0.000  U1/Alu/Mcompar_alu_src_a[31]_alu_src_b[31]_LessThan_6_o_cy<11> (U1/Alu/Mcompar_alu_src_a[31]_alu_src_b[31]_LessThan_6_o_cy<11>)
     MUXCY:CI->O           1   0.013   0.000  U1/Alu/Mcompar_alu_src_a[31]_alu_src_b[31]_LessThan_6_o_cy<12> (U1/Alu/Mcompar_alu_src_a[31]_alu_src_b[31]_LessThan_6_o_cy<12>)
     MUXCY:CI->O           1   0.013   0.000  U1/Alu/Mcompar_alu_src_a[31]_alu_src_b[31]_LessThan_6_o_cy<13> (U1/Alu/Mcompar_alu_src_a[31]_alu_src_b[31]_LessThan_6_o_cy<13>)
     MUXCY:CI->O           1   0.013   0.000  U1/Alu/Mcompar_alu_src_a[31]_alu_src_b[31]_LessThan_6_o_cy<14> (U1/Alu/Mcompar_alu_src_a[31]_alu_src_b[31]_LessThan_6_o_cy<14>)
     MUXCY:CI->O           2   0.151   0.355  U1/Alu/Mcompar_alu_src_a[31]_alu_src_b[31]_LessThan_6_o_cy<15> (U1/Alu/Mcompar_alu_src_a[31]_alu_src_b[31]_LessThan_6_o_cy<15>)
     LUT5:I4->O            1   0.043   0.000  U1/Alu/Mmux_alu_output6_rs_lut<0> (U1/Alu/Mmux_alu_output6_rs_lut<0>)
     MUXCY:S->O            1   0.238   0.000  U1/Alu/Mmux_alu_output6_rs_cy<0> (U1/Alu/Mmux_alu_output6_rs_cy<0>)
     MUXCY:CI->O           1   0.013   0.000  U1/Alu/Mmux_alu_output6_rs_cy<1> (U1/Alu/Mmux_alu_output6_rs_cy<1>)
     MUXCY:CI->O           1   0.013   0.000  U1/Alu/Mmux_alu_output6_rs_cy<2> (U1/Alu/Mmux_alu_output6_rs_cy<2>)
     MUXCY:CI->O           1   0.014   0.000  U1/Alu/Mmux_alu_output6_rs_cy<3> (U1/Alu/Mmux_alu_output6_rs_cy<3>)
     MUXCY:CI->O           1   0.013   0.000  U1/Alu/Mmux_alu_output6_rs_cy<4> (U1/Alu/Mmux_alu_output6_rs_cy<4>)
     MUXCY:CI->O           1   0.013   0.000  U1/Alu/Mmux_alu_output6_rs_cy<5> (U1/Alu/Mmux_alu_output6_rs_cy<5>)
     MUXCY:CI->O           1   0.013   0.000  U1/Alu/Mmux_alu_output6_rs_cy<6> (U1/Alu/Mmux_alu_output6_rs_cy<6>)
     MUXCY:CI->O           1   0.013   0.000  U1/Alu/Mmux_alu_output6_rs_cy<7> (U1/Alu/Mmux_alu_output6_rs_cy<7>)
     MUXCY:CI->O           1   0.013   0.000  U1/Alu/Mmux_alu_output6_rs_cy<8> (U1/Alu/Mmux_alu_output6_rs_cy<8>)
     MUXCY:CI->O           1   0.013   0.000  U1/Alu/Mmux_alu_output6_rs_cy<9> (U1/Alu/Mmux_alu_output6_rs_cy<9>)
     MUXCY:CI->O           1   0.013   0.000  U1/Alu/Mmux_alu_output6_rs_cy<10> (U1/Alu/Mmux_alu_output6_rs_cy<10>)
     MUXCY:CI->O           1   0.013   0.000  U1/Alu/Mmux_alu_output6_rs_cy<11> (U1/Alu/Mmux_alu_output6_rs_cy<11>)
     MUXCY:CI->O           1   0.013   0.000  U1/Alu/Mmux_alu_output6_rs_cy<12> (U1/Alu/Mmux_alu_output6_rs_cy<12>)
     MUXCY:CI->O           1   0.013   0.000  U1/Alu/Mmux_alu_output6_rs_cy<13> (U1/Alu/Mmux_alu_output6_rs_cy<13>)
     MUXCY:CI->O           1   0.013   0.000  U1/Alu/Mmux_alu_output6_rs_cy<14> (U1/Alu/Mmux_alu_output6_rs_cy<14>)
     MUXCY:CI->O           1   0.013   0.000  U1/Alu/Mmux_alu_output6_rs_cy<15> (U1/Alu/Mmux_alu_output6_rs_cy<15>)
     MUXCY:CI->O           1   0.013   0.000  U1/Alu/Mmux_alu_output6_rs_cy<16> (U1/Alu/Mmux_alu_output6_rs_cy<16>)
     MUXCY:CI->O           1   0.013   0.000  U1/Alu/Mmux_alu_output6_rs_cy<17> (U1/Alu/Mmux_alu_output6_rs_cy<17>)
     MUXCY:CI->O           1   0.013   0.000  U1/Alu/Mmux_alu_output6_rs_cy<18> (U1/Alu/Mmux_alu_output6_rs_cy<18>)
     MUXCY:CI->O           1   0.013   0.000  U1/Alu/Mmux_alu_output6_rs_cy<19> (U1/Alu/Mmux_alu_output6_rs_cy<19>)
     MUXCY:CI->O           1   0.013   0.000  U1/Alu/Mmux_alu_output6_rs_cy<20> (U1/Alu/Mmux_alu_output6_rs_cy<20>)
     MUXCY:CI->O           1   0.013   0.000  U1/Alu/Mmux_alu_output6_rs_cy<21> (U1/Alu/Mmux_alu_output6_rs_cy<21>)
     MUXCY:CI->O           1   0.013   0.000  U1/Alu/Mmux_alu_output6_rs_cy<22> (U1/Alu/Mmux_alu_output6_rs_cy<22>)
     MUXCY:CI->O           1   0.013   0.000  U1/Alu/Mmux_alu_output6_rs_cy<23> (U1/Alu/Mmux_alu_output6_rs_cy<23>)
     MUXCY:CI->O           1   0.013   0.000  U1/Alu/Mmux_alu_output6_rs_cy<24> (U1/Alu/Mmux_alu_output6_rs_cy<24>)
     MUXCY:CI->O           1   0.013   0.000  U1/Alu/Mmux_alu_output6_rs_cy<25> (U1/Alu/Mmux_alu_output6_rs_cy<25>)
     MUXCY:CI->O           1   0.013   0.000  U1/Alu/Mmux_alu_output6_rs_cy<26> (U1/Alu/Mmux_alu_output6_rs_cy<26>)
     MUXCY:CI->O           1   0.013   0.000  U1/Alu/Mmux_alu_output6_rs_cy<27> (U1/Alu/Mmux_alu_output6_rs_cy<27>)
     XORCY:CI->O          52   0.262   0.737  U1/Alu/Mmux_alu_output6_rs_xor<28> (Addr_out<28>)
     begin scope: 'U4:addr_bus<28>'
     LUT5:I0->O           48   0.043   0.472  Mmux_GPIOe0000000_we11 (GPIOe0000000_we)
     end scope: 'U4:GPIOe0000000_we'
     begin scope: 'U5:EN'
     FDE:CE                    0.161          cpu_point_0
    ----------------------------------------
    Total                      7.135ns (2.439ns logic, 4.695ns route)
                                       (34.2% logic, 65.8% route)

=========================================================================
Timing constraint: Default period analysis for Clock 'U8/clkdiv_6'
  Clock period: 2.221ns (frequency: 450.288MHz)
  Total number of paths / destination ports: 787 / 36
-------------------------------------------------------------------------
Delay:               2.221ns (Levels of Logic = 35)
  Source:            U10/counter0_0 (FF)
  Destination:       U10/counter0_32 (FF)
  Source Clock:      U8/clkdiv_6 rising
  Destination Clock: U8/clkdiv_6 rising

  Data Path: U10/counter0_0 to U10/counter0_32
                                Gate     Net
    Cell:in->out      fanout   Delay   Delay  Logical Name (Net Name)
    ----------------------------------------  ------------
     FDC:C->Q              4   0.236   0.367  U10/counter0_0 (U10/counter0_0)
     LUT1:I0->O            1   0.043   0.000  U10/Msub_counter0[32]_GND_36_o_sub_26_OUT_cy<0>_rt (U10/Msub_counter0[32]_GND_36_o_sub_26_OUT_cy<0>_rt)
     MUXCY:S->O            1   0.238   0.000  U10/Msub_counter0[32]_GND_36_o_sub_26_OUT_cy<0> (U10/Msub_counter0[32]_GND_36_o_sub_26_OUT_cy<0>)
     MUXCY:CI->O           1   0.013   0.000  U10/Msub_counter0[32]_GND_36_o_sub_26_OUT_cy<1> (U10/Msub_counter0[32]_GND_36_o_sub_26_OUT_cy<1>)
     MUXCY:CI->O           1   0.013   0.000  U10/Msub_counter0[32]_GND_36_o_sub_26_OUT_cy<2> (U10/Msub_counter0[32]_GND_36_o_sub_26_OUT_cy<2>)
     MUXCY:CI->O           1   0.013   0.000  U10/Msub_counter0[32]_GND_36_o_sub_26_OUT_cy<3> (U10/Msub_counter0[32]_GND_36_o_sub_26_OUT_cy<3>)
     MUXCY:CI->O           1   0.013   0.000  U10/Msub_counter0[32]_GND_36_o_sub_26_OUT_cy<4> (U10/Msub_counter0[32]_GND_36_o_sub_26_OUT_cy<4>)
     MUXCY:CI->O           1   0.013   0.000  U10/Msub_counter0[32]_GND_36_o_sub_26_OUT_cy<5> (U10/Msub_counter0[32]_GND_36_o_sub_26_OUT_cy<5>)
     MUXCY:CI->O           1   0.013   0.000  U10/Msub_counter0[32]_GND_36_o_sub_26_OUT_cy<6> (U10/Msub_counter0[32]_GND_36_o_sub_26_OUT_cy<6>)
     MUXCY:CI->O           1   0.013   0.000  U10/Msub_counter0[32]_GND_36_o_sub_26_OUT_cy<7> (U10/Msub_counter0[32]_GND_36_o_sub_26_OUT_cy<7>)
     MUXCY:CI->O           1   0.013   0.000  U10/Msub_counter0[32]_GND_36_o_sub_26_OUT_cy<8> (U10/Msub_counter0[32]_GND_36_o_sub_26_OUT_cy<8>)
     MUXCY:CI->O           1   0.013   0.000  U10/Msub_counter0[32]_GND_36_o_sub_26_OUT_cy<9> (U10/Msub_counter0[32]_GND_36_o_sub_26_OUT_cy<9>)
     MUXCY:CI->O           1   0.013   0.000  U10/Msub_counter0[32]_GND_36_o_sub_26_OUT_cy<10> (U10/Msub_counter0[32]_GND_36_o_sub_26_OUT_cy<10>)
     MUXCY:CI->O           1   0.013   0.000  U10/Msub_counter0[32]_GND_36_o_sub_26_OUT_cy<11> (U10/Msub_counter0[32]_GND_36_o_sub_26_OUT_cy<11>)
     MUXCY:CI->O           1   0.013   0.000  U10/Msub_counter0[32]_GND_36_o_sub_26_OUT_cy<12> (U10/Msub_counter0[32]_GND_36_o_sub_26_OUT_cy<12>)
     MUXCY:CI->O           1   0.013   0.000  U10/Msub_counter0[32]_GND_36_o_sub_26_OUT_cy<13> (U10/Msub_counter0[32]_GND_36_o_sub_26_OUT_cy<13>)
     MUXCY:CI->O           1   0.013   0.000  U10/Msub_counter0[32]_GND_36_o_sub_26_OUT_cy<14> (U10/Msub_counter0[32]_GND_36_o_sub_26_OUT_cy<14>)
     MUXCY:CI->O           1   0.013   0.000  U10/Msub_counter0[32]_GND_36_o_sub_26_OUT_cy<15> (U10/Msub_counter0[32]_GND_36_o_sub_26_OUT_cy<15>)
     MUXCY:CI->O           1   0.013   0.000  U10/Msub_counter0[32]_GND_36_o_sub_26_OUT_cy<16> (U10/Msub_counter0[32]_GND_36_o_sub_26_OUT_cy<16>)
     MUXCY:CI->O           1   0.013   0.000  U10/Msub_counter0[32]_GND_36_o_sub_26_OUT_cy<17> (U10/Msub_counter0[32]_GND_36_o_sub_26_OUT_cy<17>)
     MUXCY:CI->O           1   0.013   0.000  U10/Msub_counter0[32]_GND_36_o_sub_26_OUT_cy<18> (U10/Msub_counter0[32]_GND_36_o_sub_26_OUT_cy<18>)
     MUXCY:CI->O           1   0.013   0.000  U10/Msub_counter0[32]_GND_36_o_sub_26_OUT_cy<19> (U10/Msub_counter0[32]_GND_36_o_sub_26_OUT_cy<19>)
     MUXCY:CI->O           1   0.013   0.000  U10/Msub_counter0[32]_GND_36_o_sub_26_OUT_cy<20> (U10/Msub_counter0[32]_GND_36_o_sub_26_OUT_cy<20>)
     MUXCY:CI->O           1   0.013   0.000  U10/Msub_counter0[32]_GND_36_o_sub_26_OUT_cy<21> (U10/Msub_counter0[32]_GND_36_o_sub_26_OUT_cy<21>)
     MUXCY:CI->O           1   0.013   0.000  U10/Msub_counter0[32]_GND_36_o_sub_26_OUT_cy<22> (U10/Msub_counter0[32]_GND_36_o_sub_26_OUT_cy<22>)
     MUXCY:CI->O           1   0.013   0.000  U10/Msub_counter0[32]_GND_36_o_sub_26_OUT_cy<23> (U10/Msub_counter0[32]_GND_36_o_sub_26_OUT_cy<23>)
     MUXCY:CI->O           1   0.013   0.000  U10/Msub_counter0[32]_GND_36_o_sub_26_OUT_cy<24> (U10/Msub_counter0[32]_GND_36_o_sub_26_OUT_cy<24>)
     MUXCY:CI->O           1   0.013   0.000  U10/Msub_counter0[32]_GND_36_o_sub_26_OUT_cy<25> (U10/Msub_counter0[32]_GND_36_o_sub_26_OUT_cy<25>)
     MUXCY:CI->O           1   0.013   0.000  U10/Msub_counter0[32]_GND_36_o_sub_26_OUT_cy<26> (U10/Msub_counter0[32]_GND_36_o_sub_26_OUT_cy<26>)
     MUXCY:CI->O           1   0.013   0.000  U10/Msub_counter0[32]_GND_36_o_sub_26_OUT_cy<27> (U10/Msub_counter0[32]_GND_36_o_sub_26_OUT_cy<27>)
     MUXCY:CI->O           1   0.013   0.000  U10/Msub_counter0[32]_GND_36_o_sub_26_OUT_cy<28> (U10/Msub_counter0[32]_GND_36_o_sub_26_OUT_cy<28>)
     MUXCY:CI->O           1   0.013   0.000  U10/Msub_counter0[32]_GND_36_o_sub_26_OUT_cy<29> (U10/Msub_counter0[32]_GND_36_o_sub_26_OUT_cy<29>)
     MUXCY:CI->O           1   0.013   0.000  U10/Msub_counter0[32]_GND_36_o_sub_26_OUT_cy<30> (U10/Msub_counter0[32]_GND_36_o_sub_26_OUT_cy<30>)
     MUXCY:CI->O           0   0.013   0.000  U10/Msub_counter0[32]_GND_36_o_sub_26_OUT_cy<31> (U10/Msub_counter0[32]_GND_36_o_sub_26_OUT_cy<31>)
     XORCY:CI->O           1   0.262   0.613  U10/Msub_counter0[32]_GND_36_o_sub_26_OUT_xor<32> (U10/counter0[32]_GND_36_o_sub_26_OUT<32>)
     LUT6:I0->O            1   0.043   0.000  U10/Mmux_counter_Ctrl[2]_counter0[32]_wide_mux_26_OUT262 (U10/counter_Ctrl[2]_counter0[32]_wide_mux_26_OUT<32>)
     FDC:D                    -0.000          U10/counter0_32
    ----------------------------------------
    Total                      2.221ns (1.240ns logic, 0.980ns route)
                                       (55.9% logic, 44.1% route)

=========================================================================
Timing constraint: Default period analysis for Clock 'U9/clk1'
  Clock period: 2.152ns (frequency: 464.587MHz)
  Total number of paths / destination ports: 1454 / 90
-------------------------------------------------------------------------
Delay:               2.152ns (Levels of Logic = 7)
  Source:            U9/counter_8 (FF)
  Destination:       U9/Key_x_0 (FF)
  Source Clock:      U9/clk1 rising
  Destination Clock: U9/clk1 rising

  Data Path: U9/counter_8 to U9/Key_x_0
                                Gate     Net
    Cell:in->out      fanout   Delay   Delay  Logical Name (Net Name)
    ----------------------------------------  ------------
     FDRE:C->Q             3   0.236   0.615  counter_8 (counter<8>)
     LUT5:I0->O            1   0.043   0.000  Mcompar_counter[31]_GND_1_o_LessThan_5_o_lut<0> (Mcompar_counter[31]_GND_1_o_LessThan_5_o_lut<0>)
     MUXCY:S->O            1   0.238   0.000  Mcompar_counter[31]_GND_1_o_LessThan_5_o_cy<0> (Mcompar_counter[31]_GND_1_o_LessThan_5_o_cy<0>)
     MUXCY:CI->O           1   0.013   0.000  Mcompar_counter[31]_GND_1_o_LessThan_5_o_cy<1> (Mcompar_counter[31]_GND_1_o_LessThan_5_o_cy<1>)
     MUXCY:CI->O           1   0.013   0.000  Mcompar_counter[31]_GND_1_o_LessThan_5_o_cy<2> (Mcompar_counter[31]_GND_1_o_LessThan_5_o_cy<2>)
     MUXCY:CI->O           1   0.013   0.000  Mcompar_counter[31]_GND_1_o_LessThan_5_o_cy<3> (Mcompar_counter[31]_GND_1_o_LessThan_5_o_cy<3>)
     MUXCY:CI->O           8   0.013   0.378  Mcompar_counter[31]_GND_1_o_LessThan_5_o_cy<4> (Mcompar_counter[31]_GND_1_o_LessThan_5_o_cy<4>)
     INV:I->O              7   0.054   0.373  _n0225_inv1_cepot_INV_0 (_n0225_inv1_cepot)
     FDE:CE                    0.161          Key_x_0
    ----------------------------------------
    Total                      2.152ns (0.786ns logic, 1.366ns route)
                                       (36.5% logic, 63.5% route)

=========================================================================
Timing constraint: Default period analysis for Clock 'M4/push'
  Clock period: 1.069ns (frequency: 935.060MHz)
  Total number of paths / destination ports: 6 / 3
-------------------------------------------------------------------------
Delay:               1.069ns (Levels of Logic = 1)
  Source:            M4/state_0 (FF)
  Destination:       M4/state_0 (FF)
  Source Clock:      M4/push rising
  Destination Clock: M4/push rising

  Data Path: M4/state_0 to M4/state_0
                                Gate     Net
    Cell:in->out      fanout   Delay   Delay  Logical Name (Net Name)
    ----------------------------------------  ------------
     FDE:C->Q             19   0.236   0.440  state_0 (state<0>)
     INV:I->O              1   0.054   0.339  Result<0>1_INV_0 (Result<0>)
     FDE:D                    -0.000          state_0
    ----------------------------------------
    Total                      1.069ns (0.290ns logic, 0.779ns route)
                                       (27.1% logic, 72.9% route)

=========================================================================
Timing constraint: Default OFFSET IN BEFORE for Clock 'clk_100mhz'
  Total number of paths / destination ports: 1195 / 100
-------------------------------------------------------------------------
Offset:              2.089ns (Levels of Logic = 10)
  Source:            SW<2> (PAD)
  Destination:       U9/SW_OK_0 (FF)
  Destination Clock: clk_100mhz rising

  Data Path: SW<2> to U9/SW_OK_0
                                Gate     Net
    Cell:in->out      fanout   Delay   Delay  Logical Name (Net Name)
    ----------------------------------------  ------------
     IBUF:I->O             3   0.000   0.625  SW_2_IBUF (SW_2_IBUF)
     begin scope: 'U9:SW<2>'
     LUT6:I0->O            1   0.043   0.000  Mcompar_sw_temp[15]_SW[15]_not_equal_100_o_lut<0> (Mcompar_sw_temp[15]_SW[15]_not_equal_100_o_lut<0>)
     MUXCY:S->O            1   0.238   0.000  Mcompar_sw_temp[15]_SW[15]_not_equal_100_o_cy<0> (Mcompar_sw_temp[15]_SW[15]_not_equal_100_o_cy<0>)
     MUXCY:CI->O           1   0.013   0.000  Mcompar_sw_temp[15]_SW[15]_not_equal_100_o_cy<1> (Mcompar_sw_temp[15]_SW[15]_not_equal_100_o_cy<1>)
     MUXCY:CI->O           1   0.013   0.000  Mcompar_sw_temp[15]_SW[15]_not_equal_100_o_cy<2> (Mcompar_sw_temp[15]_SW[15]_not_equal_100_o_cy<2>)
     MUXCY:CI->O           1   0.013   0.000  Mcompar_sw_temp[15]_SW[15]_not_equal_100_o_cy<3> (Mcompar_sw_temp[15]_SW[15]_not_equal_100_o_cy<3>)
     MUXCY:CI->O           1   0.013   0.000  Mcompar_sw_temp[15]_SW[15]_not_equal_100_o_cy<4> (Mcompar_sw_temp[15]_SW[15]_not_equal_100_o_cy<4>)
     MUXCY:CI->O          43   0.013   0.471  Mcompar_sw_temp[15]_SW[15]_not_equal_100_o_cy<5> (sw_temp[15]_SW[15]_not_equal_100_o)
     INV:I->O             17   0.054   0.429  _n0243_inv1_cepot_cepot_INV_0 (_n0243_inv1_cepot_cepot)
     FDE:CE                    0.161          SW_OK_0
    ----------------------------------------
    Total                      2.089ns (0.563ns logic, 1.525ns route)
                                       (27.0% logic, 73.0% route)

=========================================================================
Timing constraint: Default OFFSET IN BEFORE for Clock 'U9/clk1'
  Total number of paths / destination ports: 176 / 41
-------------------------------------------------------------------------
Offset:              2.109ns (Levels of Logic = 6)
  Source:            BTN_y<3> (PAD)
  Destination:       U9/Key_x_1 (FF)
  Destination Clock: U9/clk1 rising

  Data Path: BTN_y<3> to U9/Key_x_1
                                Gate     Net
    Cell:in->out      fanout   Delay   Delay  Logical Name (Net Name)
    ----------------------------------------  ------------
     IBUF:I->O             6   0.000   0.550  BTN_y_3_IBUF (BTN_y_3_IBUF)
     begin scope: 'U9:Key_y<3>'
     LUT4:I0->O           12   0.043   0.674  out1 (n0016)
     LUT6:I0->O            3   0.043   0.362  _n0295<0>1 (_n0295<0>)
     LUT6:I5->O            1   0.043   0.350  Key_x[4]_PWR_1_o_select_74_OUT<1>1 (Key_x[4]_PWR_1_o_select_74_OUT<4>)
     LUT3:I2->O            1   0.043   0.000  Key_x_4_dpot (Key_x_4_dpot)
     FDE:D                    -0.000          Key_x_4
    ----------------------------------------
    Total                      2.109ns (0.172ns logic, 1.937ns route)
                                       (8.2% logic, 91.8% route)

=========================================================================
Timing constraint: Default OFFSET OUT AFTER for Clock 'U9/clk1'
  Total number of paths / destination ports: 6 / 6
-------------------------------------------------------------------------
Offset:              0.658ns (Levels of Logic = 2)
  Source:            U9/Key_x_4 (FF)
  Destination:       BTN_x<4> (PAD)
  Source Clock:      U9/clk1 rising

  Data Path: U9/Key_x_4 to BTN_x<4>
                                Gate     Net
    Cell:in->out      fanout   Delay   Delay  Logical Name (Net Name)
    ----------------------------------------  ------------
     FDE:C->Q             16   0.236   0.422  Key_x_4 (Key_x<4>)
     end scope: 'U9:Key_x<4>'
     OBUF:I->O                 0.000          BTN_x_4_OBUF (BTN_x<4>)
    ----------------------------------------
    Total                      0.658ns (0.236ns logic, 0.422ns route)
                                       (35.8% logic, 64.2% route)

=========================================================================
Timing constraint: Default OFFSET OUT AFTER for Clock 'clk_100mhz'
  Total number of paths / destination ports: 5 / 5
-------------------------------------------------------------------------
Offset:              0.625ns (Levels of Logic = 2)
  Source:            U6/M2/s_clk (FF)
  Destination:       seg_clk (PAD)
  Source Clock:      clk_100mhz rising

  Data Path: U6/M2/s_clk to seg_clk
                                Gate     Net
    Cell:in->out      fanout   Delay   Delay  Logical Name (Net Name)
    ----------------------------------------  ------------
     FDC:C->Q             10   0.236   0.389  M2/s_clk (seg_clk)
     end scope: 'U6:seg_clk'
     OBUF:I->O                 0.000          seg_clk_OBUF (seg_clk)
    ----------------------------------------
    Total                      0.625ns (0.236ns logic, 0.389ns route)
                                       (37.7% logic, 62.3% route)

=========================================================================
Timing constraint: Default OFFSET OUT AFTER for Clock 'Clk_CPU'
  Total number of paths / destination ports: 3 / 3
-------------------------------------------------------------------------
Offset:              0.592ns (Levels of Logic = 2)
  Source:            U7/P2S_led/s_clk (FF)
  Destination:       led_clk (PAD)
  Source Clock:      Clk_CPU falling

  Data Path: U7/P2S_led/s_clk to led_clk
                                Gate     Net
    Cell:in->out      fanout   Delay   Delay  Logical Name (Net Name)
    ----------------------------------------  ------------
     FDC:C->Q              4   0.236   0.356  P2S_led/s_clk (led_clk)
     end scope: 'U7:led_clk'
     OBUF:I->O                 0.000          led_clk_OBUF (led_clk)
    ----------------------------------------
    Total                      0.592ns (0.236ns logic, 0.356ns route)
                                       (39.9% logic, 60.1% route)

=========================================================================

Cross Clock Domains Report:
--------------------------

Clock to Setup on destination clock Clk_CPU
----------------------------------------+---------+---------+---------+---------+
                                        | Src:Rise| Src:Fall| Src:Rise| Src:Fall|
Source Clock                            |Dest:Rise|Dest:Rise|Dest:Fall|Dest:Fall|
----------------------------------------+---------+---------+---------+---------+
Clk_CPU                                 |    8.336|         |    7.135|         |
U1/Control/ALUSrc_G                     |         |    6.046|    4.844|         |
U1/Control/Branch_G                     |         |    1.024|         |         |
U1/Control/Jump_G                       |         |    1.115|         |         |
U1/Control/Mem2Reg_G                    |         |    1.602|         |         |
U1/Control/MemWrite_G                   |         |    2.798|    1.641|         |
U1/Control/RegDst_0_G                   |         |    1.716|         |         |
U1/Control/RegDst_1_G                   |         |    1.743|         |         |
U1/Control/RegWrite_G                   |         |    1.796|         |         |
U1/alu_Control/ALUOp[1]_Funct[5]_OR_45_o|         |    5.156|    3.954|         |
U8/clkdiv_6                             |    1.821|         |    0.897|         |
clk_100mhz                              |    1.819|         |    1.632|         |
----------------------------------------+---------+---------+---------+---------+

Clock to Setup on destination clock M4/push
---------------+---------+---------+---------+---------+
               | Src:Rise| Src:Fall| Src:Rise| Src:Fall|
Source Clock   |Dest:Rise|Dest:Rise|Dest:Fall|Dest:Fall|
---------------+---------+---------+---------+---------+
M4/push        |    1.069|         |         |         |
U9/clk1        |    0.818|         |         |         |
clk_100mhz     |    1.340|         |         |         |
---------------+---------+---------+---------+---------+

Clock to Setup on destination clock U1/Control/ALUOp_0_G
---------------+---------+---------+---------+---------+
               | Src:Rise| Src:Fall| Src:Rise| Src:Fall|
Source Clock   |Dest:Rise|Dest:Rise|Dest:Fall|Dest:Fall|
---------------+---------+---------+---------+---------+
Clk_CPU        |         |         |    3.196|         |
---------------+---------+---------+---------+---------+

Clock to Setup on destination clock U1/Control/ALUSrc_G
---------------+---------+---------+---------+---------+
               | Src:Rise| Src:Fall| Src:Rise| Src:Fall|
Source Clock   |Dest:Rise|Dest:Rise|Dest:Fall|Dest:Fall|
---------------+---------+---------+---------+---------+
Clk_CPU        |         |         |    2.608|         |
---------------+---------+---------+---------+---------+

Clock to Setup on destination clock U1/Control/Branch_G
---------------+---------+---------+---------+---------+
               | Src:Rise| Src:Fall| Src:Rise| Src:Fall|
Source Clock   |Dest:Rise|Dest:Rise|Dest:Fall|Dest:Fall|
---------------+---------+---------+---------+---------+
Clk_CPU        |         |         |    2.725|         |
---------------+---------+---------+---------+---------+

Clock to Setup on destination clock U1/Control/Jump_G
---------------+---------+---------+---------+---------+
               | Src:Rise| Src:Fall| Src:Rise| Src:Fall|
Source Clock   |Dest:Rise|Dest:Rise|Dest:Fall|Dest:Fall|
---------------+---------+---------+---------+---------+
Clk_CPU        |         |         |    2.634|         |
---------------+---------+---------+---------+---------+

Clock to Setup on destination clock U1/Control/Mem2Reg_G
---------------+---------+---------+---------+---------+
               | Src:Rise| Src:Fall| Src:Rise| Src:Fall|
Source Clock   |Dest:Rise|Dest:Rise|Dest:Fall|Dest:Fall|
---------------+---------+---------+---------+---------+
Clk_CPU        |         |         |    2.715|         |
---------------+---------+---------+---------+---------+

Clock to Setup on destination clock U1/Control/MemWrite_G
---------------+---------+---------+---------+---------+
               | Src:Rise| Src:Fall| Src:Rise| Src:Fall|
Source Clock   |Dest:Rise|Dest:Rise|Dest:Fall|Dest:Fall|
---------------+---------+---------+---------+---------+
Clk_CPU        |         |         |    3.390|         |
---------------+---------+---------+---------+---------+

Clock to Setup on destination clock U1/Control/RegDst_0_G
---------------+---------+---------+---------+---------+
               | Src:Rise| Src:Fall| Src:Rise| Src:Fall|
Source Clock   |Dest:Rise|Dest:Rise|Dest:Fall|Dest:Fall|
---------------+---------+---------+---------+---------+
Clk_CPU        |         |         |    3.192|         |
---------------+---------+---------+---------+---------+

Clock to Setup on destination clock U1/Control/RegDst_1_G
---------------+---------+---------+---------+---------+
               | Src:Rise| Src:Fall| Src:Rise| Src:Fall|
Source Clock   |Dest:Rise|Dest:Rise|Dest:Fall|Dest:Fall|
---------------+---------+---------+---------+---------+
Clk_CPU        |         |         |    3.084|         |
---------------+---------+---------+---------+---------+

Clock to Setup on destination clock U1/Control/RegWrite_G
---------------+---------+---------+---------+---------+
               | Src:Rise| Src:Fall| Src:Rise| Src:Fall|
Source Clock   |Dest:Rise|Dest:Rise|Dest:Fall|Dest:Fall|
---------------+---------+---------+---------+---------+
Clk_CPU        |         |         |    3.085|         |
---------------+---------+---------+---------+---------+

Clock to Setup on destination clock U1/alu_Control/ALUOp[1]_Funct[5]_OR_45_o
--------------------+---------+---------+---------+---------+
                    | Src:Rise| Src:Fall| Src:Rise| Src:Fall|
Source Clock        |Dest:Rise|Dest:Rise|Dest:Fall|Dest:Fall|
--------------------+---------+---------+---------+---------+
Clk_CPU             |         |         |    3.126|         |
U1/Control/ALUOp_0_G|         |         |    1.360|         |
--------------------+---------+---------+---------+---------+

Clock to Setup on destination clock U8/clkdiv_6
---------------+---------+---------+---------+---------+
               | Src:Rise| Src:Fall| Src:Rise| Src:Fall|
Source Clock   |Dest:Rise|Dest:Rise|Dest:Fall|Dest:Fall|
---------------+---------+---------+---------+---------+
Clk_CPU        |         |    2.138|         |         |
U8/clkdiv_6    |    2.221|         |         |         |
clk_100mhz     |    1.533|         |         |         |
---------------+---------+---------+---------+---------+

Clock to Setup on destination clock U9/clk1
---------------+---------+---------+---------+---------+
               | Src:Rise| Src:Fall| Src:Rise| Src:Fall|
Source Clock   |Dest:Rise|Dest:Rise|Dest:Fall|Dest:Fall|
---------------+---------+---------+---------+---------+
U9/clk1        |    2.152|         |         |         |
clk_100mhz     |    1.292|         |         |         |
---------------+---------+---------+---------+---------+

Clock to Setup on destination clock clk_100mhz
----------------------------------------+---------+---------+---------+---------+
                                        | Src:Rise| Src:Fall| Src:Rise| Src:Fall|
Source Clock                            |Dest:Rise|Dest:Rise|Dest:Fall|Dest:Fall|
----------------------------------------+---------+---------+---------+---------+
Clk_CPU                                 |   11.430|    4.153|    7.349|         |
M4/push                                 |    1.928|         |         |         |
U1/Control/ALUSrc_G                     |         |    9.139|    5.058|         |
U1/Control/MemWrite_G                   |         |    5.892|         |         |
U1/alu_Control/ALUOp[1]_Funct[5]_OR_45_o|         |    8.250|    4.169|         |
U8/clkdiv_6                             |    4.915|         |         |         |
U9/clk1                                 |    1.100|         |         |         |
clk_100mhz                              |    4.920|         |         |         |
----------------------------------------+---------+---------+---------+---------+

=========================================================================


Total REAL time to Xst completion: 11.00 secs
Total CPU time to Xst completion: 11.44 secs
 
--> 

Total memory usage is 443900 kilobytes

Number of errors   :    0 (   0 filtered)
Number of warnings :   93 (   0 filtered)
Number of infos    :   10 (   0 filtered)

