Release 14.7 - xst P.20131013 (nt64)
Copyright (c) 1995-2013 Xilinx, Inc.  All rights reserved.
--> Parameter TMPDIR set to xst/projnav.tmp


Total REAL time to Xst completion: 0.00 secs
Total CPU time to Xst completion: 0.07 secs
 
--> Parameter xsthdpdir set to xst


Total REAL time to Xst completion: 0.00 secs
Total CPU time to Xst completion: 0.07 secs
 
--> Reading design: Top_OExp03.prj

TABLE OF CONTENTS
  1) Synthesis Options Summary
  2) HDL Parsing
  3) HDL Elaboration
  4) HDL Synthesis
       4.1) HDL Synthesis Report
  5) Advanced HDL Synthesis
       5.1) Advanced HDL Synthesis Report
  6) Low Level Synthesis
  7) Partition Report
  8) Design Summary
       8.1) Primitive and Black Box Usage
       8.2) Device utilization summary
       8.3) Partition Resource Summary
       8.4) Timing Report
            8.4.1) Clock Information
            8.4.2) Asynchronous Control Signals Information
            8.4.3) Timing Summary
            8.4.4) Timing Details
            8.4.5) Cross Clock Domains Report


=========================================================================
*                      Synthesis Options Summary                        *
=========================================================================
---- Source Parameters
Input File Name                    : "Top_OExp03.prj"
Ignore Synthesis Constraint File   : NO

---- Target Parameters
Output File Name                   : "Top_OExp03"
Output Format                      : NGC
Target Device                      : xc7k160t-2L-fbg676

---- Source Options
Top Module Name                    : Top_OExp03
Automatic FSM Extraction           : YES
FSM Encoding Algorithm             : Auto
Safe Implementation                : No
FSM Style                          : LUT
RAM Extraction                     : Yes
RAM Style                          : Auto
ROM Extraction                     : Yes
Shift Register Extraction          : YES
ROM Style                          : Auto
Resource Sharing                   : YES
Asynchronous To Synchronous        : NO
Shift Register Minimum Size        : 2
Use DSP Block                      : Auto
Automatic Register Balancing       : No

---- Target Options
LUT Combining                      : Auto
Reduce Control Sets                : Auto
Add IO Buffers                     : YES
Global Maximum Fanout              : 100000
Add Generic Clock Buffer(BUFG)     : 32
Register Duplication               : YES
Optimize Instantiated Primitives   : NO
Use Clock Enable                   : Auto
Use Synchronous Set                : Auto
Use Synchronous Reset              : Auto
Pack IO Registers into IOBs        : Auto
Equivalent register Removal        : YES

---- General Options
Optimization Goal                  : Speed
Optimization Effort                : 1
Power Reduction                    : NO
Keep Hierarchy                     : No
Netlist Hierarchy                  : As_Optimized
RTL Output                         : Yes
Global Optimization                : AllClockNets
Read Cores                         : YES
Write Timing Constraints           : NO
Cross Clock Analysis               : NO
Hierarchy Separator                : /
Bus Delimiter                      : <>
Case Specifier                     : Maintain
Slice Utilization Ratio            : 100
BRAM Utilization Ratio             : 100
DSP48 Utilization Ratio            : 100
Auto BRAM Packing                  : NO
Slice Utilization Ratio Delta      : 5

---- Other Options
Cores Search Directories           : {"IO" "ipcore_dir"  }

=========================================================================


=========================================================================
*                          HDL Parsing                                  *
=========================================================================
Analyzing Verilog file "H:\FPGALab\ISEDesignProjects\PCPU\src_pcpu\hazard\HazardUnit.v" into library work
Parsing verilog file "./define/instruction_def.v" included at line 1.
Parsing module <HazardUnit>.
Analyzing Verilog file "H:\FPGALab\ISEDesignProjects\PCPU\src_pcpu\hazard\ForwardUnit.v" into library work
Parsing verilog file "./define/instruction_def.v" included at line 1.
Parsing module <ForwardUnit>.
Analyzing Verilog file "H:\FPGALab\ISEDesignProjects\PCPU\src_pcpu\datapath\PC.v" into library work
Parsing module <Pc>.
Analyzing Verilog file "H:\FPGALab\ISEDesignProjects\PCPU\src_pcpu\datapath\mux.v" into library work
Parsing module <two_way_mux_32_bit>.
Parsing module <three_way_mux_32_bit>.
Analyzing Verilog file "H:\FPGALab\ISEDesignProjects\PCPU\src_pcpu\datapath\MEM_WB.v" into library work
Parsing module <MEM_WB>.
Analyzing Verilog file "H:\FPGALab\ISEDesignProjects\PCPU\src_pcpu\datapath\IF_ID.v" into library work
Parsing module <IF_ID>.
Analyzing Verilog file "H:\FPGALab\ISEDesignProjects\PCPU\src_pcpu\datapath\ID_EX.v" into library work
Parsing module <ID_EX>.
Analyzing Verilog file "H:\FPGALab\ISEDesignProjects\PCPU\src_pcpu\datapath\GPR.v" into library work
Parsing module <GPR>.
Analyzing Verilog file "H:\FPGALab\ISEDesignProjects\PCPU\src_pcpu\datapath\EX_MEM.v" into library work
Parsing module <EX_MEM>.
Analyzing Verilog file "H:\FPGALab\ISEDesignProjects\PCPU\src_pcpu\datapath\Ext.v" into library work
Parsing verilog file "./define/ctrl_encode_def.v" included at line 1.
Parsing module <Ext>.
Analyzing Verilog file "H:\FPGALab\ISEDesignProjects\PCPU\src_pcpu\datapath\Alu.v" into library work
Parsing verilog file "./define/ctrl_encode_def.v" included at line 1.
Parsing module <Alu>.
Analyzing Verilog file "H:\FPGALab\ISEDesignProjects\PCPU\src_pcpu\control\CtrlUnit.v" into library work
Parsing verilog file "./define/ctrl_encode_def.v" included at line 1.
Parsing verilog file "./define/instruction_def.v" included at line 2.
Parsing module <Ctrl>.
Analyzing Verilog file "H:\FPGALab\ISEDesignProjects\PCPU\src_pcpu\pCPU_test.v" into library work
Parsing verilog file "./define/ctrl_encode_def.v" included at line 1.
Parsing module <PCPU>.
Analyzing Verilog file "H:\FPGALab\ISEDesignProjects\PCPU\ipcore_dir\ROM_D.v" into library work
Parsing module <ROM_D>.
Analyzing Verilog file "H:\FPGALab\ISEDesignProjects\PCPU\ipcore_dir\RAM_B.v" into library work
Parsing module <RAM_B>.
Analyzing Verilog file "H:\FPGALab\ISEDesignProjects\PCPU\IO\SSeg7_Dev_IO.v" into library work
Parsing module <SSeg7_Dev>.
Analyzing Verilog file "H:\FPGALab\ISEDesignProjects\PCPU\IO\SPIO_IO.v" into library work
Parsing module <SPIO>.
Analyzing Verilog file "H:\FPGALab\ISEDesignProjects\PCPU\IO\SEnter_2_32_IO.v" into library work
Parsing module <SEnter_2_32>.
Analyzing Verilog file "H:\FPGALab\ISEDesignProjects\PCPU\IO\SAnti_jitter_IO.v" into library work
Parsing module <SAnti_jitter>.
Analyzing Verilog file "H:\FPGALab\ISEDesignProjects\PCPU\IO\Multi_8CH32_IO.v" into library work
Parsing module <Multi_8CH32>.
Analyzing Verilog file "H:\FPGALab\ISEDesignProjects\PCPU\IO\MIO_BUS_IO.v" into library work
Parsing module <MIO_BUS>.
Analyzing Verilog file "H:\FPGALab\ISEDesignProjects\PCPU\IO\Counter_3_IO.v" into library work
Parsing module <Counter_x>.
Analyzing Verilog file "H:\FPGALab\ISEDesignProjects\PCPU\IO\clk_div.v" into library work
Parsing module <clk_div>.
Analyzing Verilog file "H:\FPGALab\ISEDesignProjects\PCPU\top.v" into library work
Parsing module <Top_OExp03>.

=========================================================================
*                            HDL Elaboration                            *
=========================================================================
WARNING:HDLCompiler:1016 - "H:\FPGALab\ISEDesignProjects\PCPU\top.v" Line 111: Port INT is not connected to this instance

Elaborating module <Top_OExp03>.

Elaborating module <SEnter_2_32>.
WARNING:HDLCompiler:1499 - "H:\FPGALab\ISEDesignProjects\PCPU\IO\SEnter_2_32_IO.v" Line 21: Empty module <SEnter_2_32> remains a black box.
WARNING:HDLCompiler:1127 - "H:\FPGALab\ISEDesignProjects\PCPU\top.v" Line 107: Assignment to Ai ignored, since the identifier is never used
WARNING:HDLCompiler:1127 - "H:\FPGALab\ISEDesignProjects\PCPU\top.v" Line 108: Assignment to Bi ignored, since the identifier is never used
WARNING:HDLCompiler:1127 - "H:\FPGALab\ISEDesignProjects\PCPU\top.v" Line 109: Assignment to blink ignored, since the identifier is never used
WARNING:HDLCompiler:1016 - "H:\FPGALab\ISEDesignProjects\PCPU\src_pcpu\pCPU_test.v" Line 121: Port Zero is not connected to this instance

Elaborating module <PCPU>.

Elaborating module <Pc>.
WARNING:HDLCompiler:189 - "H:\FPGALab\ISEDesignProjects\PCPU\src_pcpu\pCPU_test.v" Line 98: Size mismatch in connection of port <PcWrite>. Formal port size is 1-bit while actual signal size is 32-bit.
WARNING:HDLCompiler:1127 - "H:\FPGALab\ISEDesignProjects\PCPU\src_pcpu\pCPU_test.v" Line 98: Assignment to pc_in ignored, since the identifier is never used

Elaborating module <IF_ID>.

Elaborating module <GPR>.

Elaborating module <Ext>.

Elaborating module <Ctrl>.

Elaborating module <ID_EX>.

Elaborating module <Alu>.
WARNING:HDLCompiler:189 - "H:\FPGALab\ISEDesignProjects\PCPU\src_pcpu\pCPU_test.v" Line 119: Size mismatch in connection of port <Zero>. Formal port size is 32-bit while actual signal size is 1-bit.

Elaborating module <two_way_mux_32_bit>.
WARNING:HDLCompiler:189 - "H:\FPGALab\ISEDesignProjects\PCPU\src_pcpu\pCPU_test.v" Line 125: Size mismatch in connection of port <output_data>. Formal port size is 32-bit while actual signal size is 5-bit.
WARNING:HDLCompiler:1127 - "H:\FPGALab\ISEDesignProjects\PCPU\src_pcpu\pCPU_test.v" Line 133: Assignment to pc_in ignored, since the identifier is never used

Elaborating module <EX_MEM>.

Elaborating module <MEM_WB>.

Elaborating module <ForwardUnit>.

Elaborating module <three_way_mux_32_bit>.

Elaborating module <HazardUnit>.
"H:\FPGALab\ISEDesignProjects\PCPU\src_pcpu\pCPU_test.v" Line 168. $display clock now:  0
"H:\FPGALab\ISEDesignProjects\PCPU\src_pcpu\pCPU_test.v" Line 170. $display pc now:  0,inst:  0
WARNING:HDLCompiler:634 - "H:\FPGALab\ISEDesignProjects\PCPU\src_pcpu\pCPU_test.v" Line 18: Net <pc_out[31]> does not have a driver.

Elaborating module <ROM_D>.
WARNING:HDLCompiler:1499 - "H:\FPGALab\ISEDesignProjects\PCPU\ipcore_dir\ROM_D.v" Line 39: Empty module <ROM_D> remains a black box.

Elaborating module <RAM_B>.
WARNING:HDLCompiler:1499 - "H:\FPGALab\ISEDesignProjects\PCPU\ipcore_dir\RAM_B.v" Line 39: Empty module <RAM_B> remains a black box.

Elaborating module <MIO_BUS>.
WARNING:HDLCompiler:1499 - "H:\FPGALab\ISEDesignProjects\PCPU\IO\MIO_BUS_IO.v" Line 21: Empty module <MIO_BUS> remains a black box.

Elaborating module <Multi_8CH32>.
WARNING:HDLCompiler:1499 - "H:\FPGALab\ISEDesignProjects\PCPU\IO\Multi_8CH32_IO.v" Line 21: Empty module <Multi_8CH32> remains a black box.

Elaborating module <SSeg7_Dev>.
WARNING:HDLCompiler:1499 - "H:\FPGALab\ISEDesignProjects\PCPU\IO\SSeg7_Dev_IO.v" Line 21: Empty module <SSeg7_Dev> remains a black box.

Elaborating module <SPIO>.
WARNING:HDLCompiler:1499 - "H:\FPGALab\ISEDesignProjects\PCPU\IO\SPIO_IO.v" Line 21: Empty module <SPIO> remains a black box.

Elaborating module <clk_div>.

Elaborating module <SAnti_jitter>.
WARNING:HDLCompiler:1499 - "H:\FPGALab\ISEDesignProjects\PCPU\IO\SAnti_jitter_IO.v" Line 21: Empty module <SAnti_jitter> remains a black box.
WARNING:HDLCompiler:1127 - "H:\FPGALab\ISEDesignProjects\PCPU\top.v" Line 208: Assignment to Pulse ignored, since the identifier is never used

Elaborating module <Counter_x>.
WARNING:HDLCompiler:1127 - "H:\FPGALab\ISEDesignProjects\PCPU\IO\Counter_3_IO.v" Line 43: Assignment to M2 ignored, since the identifier is never used
WARNING:HDLCompiler:634 - "H:\FPGALab\ISEDesignProjects\PCPU\IO\Counter_3_IO.v" Line 36: Net <counter1[32]> does not have a driver.

Elaborating module <VCC>.
WARNING:HDLCompiler:1127 - "H:\FPGALab\ISEDesignProjects\PCPU\top.v" Line 223: Assignment to V5 ignored, since the identifier is never used

Elaborating module <GND>.

Elaborating module <INV>.
WARNING:HDLCompiler:552 - "H:\FPGALab\ISEDesignProjects\PCPU\top.v" Line 111: Input port MIO_ready is not connected on this instance
WARNING:Xst:2972 - "H:\FPGALab\ISEDesignProjects\PCPU\src_pcpu\pCPU_test.v" line 98. All outputs of instance <pc> of block <Pc> are unconnected in block <PCPU>. Underlying logic will be removed.
WARNING:Xst:2972 - "H:\FPGALab\ISEDesignProjects\PCPU\src_pcpu\pCPU_test.v" line 121. All outputs of instance <alu_branch> of block <Alu> are unconnected in block <PCPU>. Underlying logic will be removed.
WARNING:Xst:2972 - "H:\FPGALab\ISEDesignProjects\PCPU\src_pcpu\pCPU_test.v" line 127. All outputs of instance <mux_branch> of block <two_way_mux_32_bit> are unconnected in block <PCPU>. Underlying logic will be removed.
WARNING:Xst:2972 - "H:\FPGALab\ISEDesignProjects\PCPU\src_pcpu\pCPU_test.v" line 129. All outputs of instance <mux_pc> of block <two_way_mux_32_bit> are unconnected in block <PCPU>. Underlying logic will be removed.
WARNING:Xst:2972 - "H:\FPGALab\ISEDesignProjects\PCPU\src_pcpu\pCPU_test.v" line 133. All outputs of instance <mux_JUMP> of block <two_way_mux_32_bit> are unconnected in block <PCPU>. Underlying logic will be removed.

=========================================================================
*                           HDL Synthesis                               *
=========================================================================

Synthesizing Unit <Top_OExp03>.
    Related source file is "H:\FPGALab\ISEDesignProjects\PCPU\top.v".
    Set property "LOC = E13,F14,G14,D14" for signal <BTN_y>.
    Set property "LOC = K13,K14,J13,J14,H13,H14,G12,F12" for signal <SW>.
    Set property "LOC = T9" for signal <clk_100mhz>.
WARNING:Xst:2898 - Port 'MIO_ready', unconnected in block instance 'U1', is tied to GND.
INFO:Xst:3210 - "H:\FPGALab\ISEDesignProjects\PCPU\top.v" line 102: Output port <Ai> of the instance <M4> is unconnected or connected to loadless signal.
INFO:Xst:3210 - "H:\FPGALab\ISEDesignProjects\PCPU\top.v" line 102: Output port <Bi> of the instance <M4> is unconnected or connected to loadless signal.
INFO:Xst:3210 - "H:\FPGALab\ISEDesignProjects\PCPU\top.v" line 102: Output port <blink> of the instance <M4> is unconnected or connected to loadless signal.
INFO:Xst:3210 - "H:\FPGALab\ISEDesignProjects\PCPU\top.v" line 111: Output port <CPU_MIO> of the instance <U1> is unconnected or connected to loadless signal.
INFO:Xst:3210 - "H:\FPGALab\ISEDesignProjects\PCPU\top.v" line 111: Output port <INT> of the instance <U1> is unconnected or connected to loadless signal.
INFO:Xst:3210 - "H:\FPGALab\ISEDesignProjects\PCPU\top.v" line 181: Output port <GPIOf0> of the instance <U7> is unconnected or connected to loadless signal.
INFO:Xst:3210 - "H:\FPGALab\ISEDesignProjects\PCPU\top.v" line 198: Output port <pulse_out> of the instance <U9> is unconnected or connected to loadless signal.
    Summary:
	no macro.
Unit <Top_OExp03> synthesized.

Synthesizing Unit <PCPU>.
    Related source file is "H:\FPGALab\ISEDesignProjects\PCPU\src_pcpu\pCPU_test.v".
WARNING:Xst:647 - Input <MIO_ready> is never used. This port will be preserved and left unconnected if it belongs to a top-level block or it belongs to a sub-block and the hierarchy of this sub-block is preserved.
INFO:Xst:3210 - "H:\FPGALab\ISEDesignProjects\PCPU\src_pcpu\pCPU_test.v" line 98: Output port <PC> of the instance <pc> is unconnected or connected to loadless signal.
INFO:Xst:3210 - "H:\FPGALab\ISEDesignProjects\PCPU\src_pcpu\pCPU_test.v" line 121: Output port <Zero> of the instance <alu_branch> is unconnected or connected to loadless signal.
INFO:Xst:3210 - "H:\FPGALab\ISEDesignProjects\PCPU\src_pcpu\pCPU_test.v" line 133: Output port <output_data> of the instance <mux_JUMP> is unconnected or connected to loadless signal.
WARNING:Xst:653 - Signal <pc_out> is used but never assigned. This sourceless signal will be automatically connected to value GND.
WARNING:Xst:653 - Signal <CPU_MIO> is used but never assigned. This sourceless signal will be automatically connected to value GND.
WARNING:Xst:653 - Signal <INT> is used but never assigned. This sourceless signal will be automatically connected to value GND.
    Summary:
	no macro.
Unit <PCPU> synthesized.

Synthesizing Unit <IF_ID>.
    Related source file is "H:\FPGALab\ISEDesignProjects\PCPU\src_pcpu\datapath\IF_ID.v".
    Found 32-bit register for signal <pc_add4_out>.
    Found 32-bit register for signal <ins>.
    Found 32-bit register for signal <pc_add4>.
    Found 32-bit register for signal <ins_out>.
    Summary:
	inferred 128 D-type flip-flop(s).
Unit <IF_ID> synthesized.

Synthesizing Unit <GPR>.
    Related source file is "H:\FPGALab\ISEDesignProjects\PCPU\src_pcpu\datapath\GPR.v".
    Found 32x32-bit dual-port RAM <Mram_Gpr> for signal <Gpr>.
    Summary:
	inferred   2 RAM(s).
	inferred   2 Multiplexer(s).
Unit <GPR> synthesized.

Synthesizing Unit <Ext>.
    Related source file is "H:\FPGALab\ISEDesignProjects\PCPU\src_pcpu\datapath\Ext.v".
WARNING:Xst:737 - Found 1-bit latch for signal <Immediate_ext<15>>. Latches may be generated from incomplete case or if statements. We do not recommend the use of latches in FPGA/CPLD designs, as they may lead to timing problems.
WARNING:Xst:737 - Found 1-bit latch for signal <Immediate_ext<14>>. Latches may be generated from incomplete case or if statements. We do not recommend the use of latches in FPGA/CPLD designs, as they may lead to timing problems.
WARNING:Xst:737 - Found 1-bit latch for signal <Immediate_ext<13>>. Latches may be generated from incomplete case or if statements. We do not recommend the use of latches in FPGA/CPLD designs, as they may lead to timing problems.
WARNING:Xst:737 - Found 1-bit latch for signal <Immediate_ext<12>>. Latches may be generated from incomplete case or if statements. We do not recommend the use of latches in FPGA/CPLD designs, as they may lead to timing problems.
WARNING:Xst:737 - Found 1-bit latch for signal <Immediate_ext<11>>. Latches may be generated from incomplete case or if statements. We do not recommend the use of latches in FPGA/CPLD designs, as they may lead to timing problems.
WARNING:Xst:737 - Found 1-bit latch for signal <Immediate_ext<10>>. Latches may be generated from incomplete case or if statements. We do not recommend the use of latches in FPGA/CPLD designs, as they may lead to timing problems.
WARNING:Xst:737 - Found 1-bit latch for signal <Immediate_ext<9>>. Latches may be generated from incomplete case or if statements. We do not recommend the use of latches in FPGA/CPLD designs, as they may lead to timing problems.
WARNING:Xst:737 - Found 1-bit latch for signal <Immediate_ext<8>>. Latches may be generated from incomplete case or if statements. We do not recommend the use of latches in FPGA/CPLD designs, as they may lead to timing problems.
WARNING:Xst:737 - Found 1-bit latch for signal <Immediate_ext<7>>. Latches may be generated from incomplete case or if statements. We do not recommend the use of latches in FPGA/CPLD designs, as they may lead to timing problems.
WARNING:Xst:737 - Found 1-bit latch for signal <Immediate_ext<6>>. Latches may be generated from incomplete case or if statements. We do not recommend the use of latches in FPGA/CPLD designs, as they may lead to timing problems.
WARNING:Xst:737 - Found 1-bit latch for signal <Immediate_ext<5>>. Latches may be generated from incomplete case or if statements. We do not recommend the use of latches in FPGA/CPLD designs, as they may lead to timing problems.
WARNING:Xst:737 - Found 1-bit latch for signal <Immediate_ext<4>>. Latches may be generated from incomplete case or if statements. We do not recommend the use of latches in FPGA/CPLD designs, as they may lead to timing problems.
WARNING:Xst:737 - Found 1-bit latch for signal <Immediate_ext<3>>. Latches may be generated from incomplete case or if statements. We do not recommend the use of latches in FPGA/CPLD designs, as they may lead to timing problems.
WARNING:Xst:737 - Found 1-bit latch for signal <Immediate_ext<2>>. Latches may be generated from incomplete case or if statements. We do not recommend the use of latches in FPGA/CPLD designs, as they may lead to timing problems.
WARNING:Xst:737 - Found 1-bit latch for signal <Immediate_ext<1>>. Latches may be generated from incomplete case or if statements. We do not recommend the use of latches in FPGA/CPLD designs, as they may lead to timing problems.
WARNING:Xst:737 - Found 1-bit latch for signal <Immediate_ext<0>>. Latches may be generated from incomplete case or if statements. We do not recommend the use of latches in FPGA/CPLD designs, as they may lead to timing problems.
WARNING:Xst:737 - Found 1-bit latch for signal <Immediate_ext<31>>. Latches may be generated from incomplete case or if statements. We do not recommend the use of latches in FPGA/CPLD designs, as they may lead to timing problems.
    Summary:
	inferred  17 Latch(s).
	inferred  17 Multiplexer(s).
Unit <Ext> synthesized.

Synthesizing Unit <Ctrl>.
    Related source file is "H:\FPGALab\ISEDesignProjects\PCPU\src_pcpu\control\CtrlUnit.v".
WARNING:Xst:647 - Input <ins<25:6>> is never used. This port will be preserved and left unconnected if it belongs to a top-level block or it belongs to a sub-block and the hierarchy of this sub-block is preserved.
WARNING:Xst:647 - Input <clk> is never used. This port will be preserved and left unconnected if it belongs to a top-level block or it belongs to a sub-block and the hierarchy of this sub-block is preserved.
WARNING:Xst:737 - Found 1-bit latch for signal <MemtoReg>. Latches may be generated from incomplete case or if statements. We do not recommend the use of latches in FPGA/CPLD designs, as they may lead to timing problems.
WARNING:Xst:737 - Found 1-bit latch for signal <RegWrite>. Latches may be generated from incomplete case or if statements. We do not recommend the use of latches in FPGA/CPLD designs, as they may lead to timing problems.
WARNING:Xst:737 - Found 1-bit latch for signal <RegDst>. Latches may be generated from incomplete case or if statements. We do not recommend the use of latches in FPGA/CPLD designs, as they may lead to timing problems.
WARNING:Xst:737 - Found 1-bit latch for signal <ALUOP<2>>. Latches may be generated from incomplete case or if statements. We do not recommend the use of latches in FPGA/CPLD designs, as they may lead to timing problems.
WARNING:Xst:737 - Found 1-bit latch for signal <ALUOP<1>>. Latches may be generated from incomplete case or if statements. We do not recommend the use of latches in FPGA/CPLD designs, as they may lead to timing problems.
WARNING:Xst:737 - Found 1-bit latch for signal <ALUOP<0>>. Latches may be generated from incomplete case or if statements. We do not recommend the use of latches in FPGA/CPLD designs, as they may lead to timing problems.
WARNING:Xst:737 - Found 1-bit latch for signal <ALUSrc>. Latches may be generated from incomplete case or if statements. We do not recommend the use of latches in FPGA/CPLD designs, as they may lead to timing problems.
WARNING:Xst:737 - Found 1-bit latch for signal <Branch>. Latches may be generated from incomplete case or if statements. We do not recommend the use of latches in FPGA/CPLD designs, as they may lead to timing problems.
WARNING:Xst:737 - Found 1-bit latch for signal <INS_ID<2>>. Latches may be generated from incomplete case or if statements. We do not recommend the use of latches in FPGA/CPLD designs, as they may lead to timing problems.
WARNING:Xst:737 - Found 1-bit latch for signal <INS_ID<1>>. Latches may be generated from incomplete case or if statements. We do not recommend the use of latches in FPGA/CPLD designs, as they may lead to timing problems.
WARNING:Xst:737 - Found 1-bit latch for signal <INS_ID<0>>. Latches may be generated from incomplete case or if statements. We do not recommend the use of latches in FPGA/CPLD designs, as they may lead to timing problems.
WARNING:Xst:737 - Found 1-bit latch for signal <JUMPSrc>. Latches may be generated from incomplete case or if statements. We do not recommend the use of latches in FPGA/CPLD designs, as they may lead to timing problems.
WARNING:Xst:737 - Found 1-bit latch for signal <ExtOp<1>>. Latches may be generated from incomplete case or if statements. We do not recommend the use of latches in FPGA/CPLD designs, as they may lead to timing problems.
WARNING:Xst:737 - Found 1-bit latch for signal <MemWrite>. Latches may be generated from incomplete case or if statements. We do not recommend the use of latches in FPGA/CPLD designs, as they may lead to timing problems.
    Summary:
	inferred  14 Latch(s).
Unit <Ctrl> synthesized.

Synthesizing Unit <ID_EX>.
    Related source file is "H:\FPGALab\ISEDesignProjects\PCPU\src_pcpu\datapath\ID_EX.v".
    Found 1-bit register for signal <MemWrite_out>.
    Found 1-bit register for signal <MemtoReg_out>.
    Found 1-bit register for signal <RegWrite_out>.
    Found 1-bit register for signal <RegDst_out>.
    Found 3-bit register for signal <ALUOP_out>.
    Found 1-bit register for signal <ALUSrc_out>.
    Found 1-bit register for signal <Branch_out>.
    Found 3-bit register for signal <INS_ID_out>.
    Found 32-bit register for signal <regdata1_out>.
    Found 32-bit register for signal <regdata2_out>.
    Found 32-bit register for signal <ext_out>.
    Found 5-bit register for signal <rs_out>.
    Found 5-bit register for signal <rt_out>.
    Found 5-bit register for signal <rd_out>.
    Found 32-bit register for signal <pc_add4_out>.
    Found 26-bit register for signal <addr_jump_out>.
    Found 2-bit register for signal <ExtOp_out>.
    Found 1-bit register for signal <JUMPSrc>.
    Found 1-bit register for signal <MemWrite>.
    Found 1-bit register for signal <MemtoReg>.
    Found 1-bit register for signal <RegWrite>.
    Found 1-bit register for signal <RegDst>.
    Found 3-bit register for signal <ALUOP>.
    Found 1-bit register for signal <ALUSrc>.
    Found 1-bit register for signal <Branch>.
    Found 3-bit register for signal <INS_ID>.
    Found 32-bit register for signal <regdata1>.
    Found 32-bit register for signal <regdata2>.
    Found 32-bit register for signal <ext>.
    Found 5-bit register for signal <rs>.
    Found 5-bit register for signal <rt>.
    Found 5-bit register for signal <rd>.
    Found 32-bit register for signal <pc_add4>.
    Found 26-bit register for signal <addr_jump>.
    Found 2-bit register for signal <ExtOp>.
    Found 1-bit register for signal <JUMPSrc_out>.
    Summary:
	inferred 368 D-type flip-flop(s).
Unit <ID_EX> synthesized.

Synthesizing Unit <Alu>.
    Related source file is "H:\FPGALab\ISEDesignProjects\PCPU\src_pcpu\datapath\Alu.v".
    Found 32-bit subtractor for signal <DataIn1[31]_DataIn2[31]_sub_4_OUT> created at line 21.
    Found 32-bit adder for signal <DataIn1[31]_DataIn2[31]_add_1_OUT> created at line 18.
    Found 32-bit 8-to-1 multiplexer for signal <AluResult[31]_DataIn1[31]_mux_22_OUT> created at line 20.
    Found 1-bit 6-to-1 multiplexer for signal <AluResult[31]_DataIn1[31]_MUX_96_o> created at line 20.
    Found 1-bit 6-to-1 multiplexer for signal <AluResult[31]_DataIn1[31]_MUX_102_o> created at line 20.
    Found 1-bit 6-to-1 multiplexer for signal <AluResult[31]_DataIn1[31]_MUX_108_o> created at line 20.
    Found 1-bit 6-to-1 multiplexer for signal <AluResult[31]_DataIn1[31]_MUX_114_o> created at line 20.
    Found 1-bit 6-to-1 multiplexer for signal <AluResult[31]_DataIn1[31]_MUX_120_o> created at line 20.
    Found 1-bit 6-to-1 multiplexer for signal <AluResult[31]_DataIn1[31]_MUX_126_o> created at line 20.
    Found 1-bit 6-to-1 multiplexer for signal <AluResult[31]_DataIn1[31]_MUX_132_o> created at line 20.
    Found 1-bit 6-to-1 multiplexer for signal <AluResult[31]_DataIn1[31]_MUX_138_o> created at line 20.
    Found 1-bit 6-to-1 multiplexer for signal <AluResult[31]_DataIn1[31]_MUX_144_o> created at line 20.
    Found 1-bit 6-to-1 multiplexer for signal <AluResult[31]_DataIn1[31]_MUX_150_o> created at line 20.
    Found 1-bit 6-to-1 multiplexer for signal <AluResult[31]_DataIn1[31]_MUX_156_o> created at line 20.
    Found 1-bit 6-to-1 multiplexer for signal <AluResult[31]_DataIn1[31]_MUX_162_o> created at line 20.
    Found 1-bit 6-to-1 multiplexer for signal <AluResult[31]_DataIn1[31]_MUX_168_o> created at line 20.
    Found 1-bit 6-to-1 multiplexer for signal <AluResult[31]_DataIn1[31]_MUX_174_o> created at line 20.
    Found 1-bit 6-to-1 multiplexer for signal <AluResult[31]_DataIn1[31]_MUX_180_o> created at line 20.
    Found 1-bit 6-to-1 multiplexer for signal <AluResult[31]_DataIn1[31]_MUX_186_o> created at line 20.
    Found 1-bit 6-to-1 multiplexer for signal <AluResult[31]_DataIn1[31]_MUX_192_o> created at line 20.
    Found 1-bit 6-to-1 multiplexer for signal <AluResult[31]_DataIn1[31]_MUX_198_o> created at line 20.
    Found 1-bit 6-to-1 multiplexer for signal <AluResult[31]_DataIn1[31]_MUX_204_o> created at line 20.
    Found 1-bit 6-to-1 multiplexer for signal <AluResult[31]_DataIn1[31]_MUX_210_o> created at line 20.
    Found 1-bit 6-to-1 multiplexer for signal <AluResult[31]_DataIn1[31]_MUX_216_o> created at line 20.
    Found 1-bit 6-to-1 multiplexer for signal <AluResult[31]_DataIn1[31]_MUX_222_o> created at line 20.
    Found 1-bit 6-to-1 multiplexer for signal <AluResult[31]_DataIn1[31]_MUX_228_o> created at line 20.
    Found 1-bit 6-to-1 multiplexer for signal <AluResult[31]_DataIn1[31]_MUX_234_o> created at line 20.
    Found 1-bit 6-to-1 multiplexer for signal <AluResult[31]_DataIn1[31]_MUX_240_o> created at line 20.
    Found 1-bit 6-to-1 multiplexer for signal <AluResult[31]_DataIn1[31]_MUX_246_o> created at line 20.
    Found 1-bit 6-to-1 multiplexer for signal <AluResult[31]_DataIn1[31]_MUX_252_o> created at line 20.
    Found 1-bit 6-to-1 multiplexer for signal <AluResult[31]_DataIn1[31]_MUX_258_o> created at line 20.
    Found 1-bit 6-to-1 multiplexer for signal <AluResult[31]_DataIn1[31]_MUX_264_o> created at line 20.
    Found 1-bit 6-to-1 multiplexer for signal <AluResult[31]_DataIn1[31]_MUX_270_o> created at line 20.
    Found 1-bit 6-to-1 multiplexer for signal <AluResult[31]_DataIn1[31]_MUX_276_o> created at line 20.
    Found 1-bit 6-to-1 multiplexer for signal <AluResult[31]_DataIn1[31]_MUX_282_o> created at line 20.
WARNING:Xst:737 - Found 1-bit latch for signal <AluResult<30>>. Latches may be generated from incomplete case or if statements. We do not recommend the use of latches in FPGA/CPLD designs, as they may lead to timing problems.
WARNING:Xst:737 - Found 1-bit latch for signal <AluResult<29>>. Latches may be generated from incomplete case or if statements. We do not recommend the use of latches in FPGA/CPLD designs, as they may lead to timing problems.
WARNING:Xst:737 - Found 1-bit latch for signal <AluResult<28>>. Latches may be generated from incomplete case or if statements. We do not recommend the use of latches in FPGA/CPLD designs, as they may lead to timing problems.
WARNING:Xst:737 - Found 1-bit latch for signal <AluResult<27>>. Latches may be generated from incomplete case or if statements. We do not recommend the use of latches in FPGA/CPLD designs, as they may lead to timing problems.
WARNING:Xst:737 - Found 1-bit latch for signal <AluResult<26>>. Latches may be generated from incomplete case or if statements. We do not recommend the use of latches in FPGA/CPLD designs, as they may lead to timing problems.
WARNING:Xst:737 - Found 1-bit latch for signal <AluResult<25>>. Latches may be generated from incomplete case or if statements. We do not recommend the use of latches in FPGA/CPLD designs, as they may lead to timing problems.
WARNING:Xst:737 - Found 1-bit latch for signal <AluResult<24>>. Latches may be generated from incomplete case or if statements. We do not recommend the use of latches in FPGA/CPLD designs, as they may lead to timing problems.
WARNING:Xst:737 - Found 1-bit latch for signal <AluResult<23>>. Latches may be generated from incomplete case or if statements. We do not recommend the use of latches in FPGA/CPLD designs, as they may lead to timing problems.
WARNING:Xst:737 - Found 1-bit latch for signal <AluResult<22>>. Latches may be generated from incomplete case or if statements. We do not recommend the use of latches in FPGA/CPLD designs, as they may lead to timing problems.
WARNING:Xst:737 - Found 1-bit latch for signal <AluResult<21>>. Latches may be generated from incomplete case or if statements. We do not recommend the use of latches in FPGA/CPLD designs, as they may lead to timing problems.
WARNING:Xst:737 - Found 1-bit latch for signal <AluResult<20>>. Latches may be generated from incomplete case or if statements. We do not recommend the use of latches in FPGA/CPLD designs, as they may lead to timing problems.
WARNING:Xst:737 - Found 1-bit latch for signal <AluResult<19>>. Latches may be generated from incomplete case or if statements. We do not recommend the use of latches in FPGA/CPLD designs, as they may lead to timing problems.
WARNING:Xst:737 - Found 1-bit latch for signal <AluResult<18>>. Latches may be generated from incomplete case or if statements. We do not recommend the use of latches in FPGA/CPLD designs, as they may lead to timing problems.
WARNING:Xst:737 - Found 1-bit latch for signal <AluResult<17>>. Latches may be generated from incomplete case or if statements. We do not recommend the use of latches in FPGA/CPLD designs, as they may lead to timing problems.
WARNING:Xst:737 - Found 1-bit latch for signal <AluResult<16>>. Latches may be generated from incomplete case or if statements. We do not recommend the use of latches in FPGA/CPLD designs, as they may lead to timing problems.
WARNING:Xst:737 - Found 1-bit latch for signal <AluResult<15>>. Latches may be generated from incomplete case or if statements. We do not recommend the use of latches in FPGA/CPLD designs, as they may lead to timing problems.
WARNING:Xst:737 - Found 1-bit latch for signal <AluResult<14>>. Latches may be generated from incomplete case or if statements. We do not recommend the use of latches in FPGA/CPLD designs, as they may lead to timing problems.
WARNING:Xst:737 - Found 1-bit latch for signal <AluResult<13>>. Latches may be generated from incomplete case or if statements. We do not recommend the use of latches in FPGA/CPLD designs, as they may lead to timing problems.
WARNING:Xst:737 - Found 1-bit latch for signal <AluResult<12>>. Latches may be generated from incomplete case or if statements. We do not recommend the use of latches in FPGA/CPLD designs, as they may lead to timing problems.
WARNING:Xst:737 - Found 1-bit latch for signal <AluResult<11>>. Latches may be generated from incomplete case or if statements. We do not recommend the use of latches in FPGA/CPLD designs, as they may lead to timing problems.
WARNING:Xst:737 - Found 1-bit latch for signal <AluResult<10>>. Latches may be generated from incomplete case or if statements. We do not recommend the use of latches in FPGA/CPLD designs, as they may lead to timing problems.
WARNING:Xst:737 - Found 1-bit latch for signal <AluResult<9>>. Latches may be generated from incomplete case or if statements. We do not recommend the use of latches in FPGA/CPLD designs, as they may lead to timing problems.
WARNING:Xst:737 - Found 1-bit latch for signal <AluResult<8>>. Latches may be generated from incomplete case or if statements. We do not recommend the use of latches in FPGA/CPLD designs, as they may lead to timing problems.
WARNING:Xst:737 - Found 1-bit latch for signal <AluResult<7>>. Latches may be generated from incomplete case or if statements. We do not recommend the use of latches in FPGA/CPLD designs, as they may lead to timing problems.
WARNING:Xst:737 - Found 1-bit latch for signal <AluResult<6>>. Latches may be generated from incomplete case or if statements. We do not recommend the use of latches in FPGA/CPLD designs, as they may lead to timing problems.
WARNING:Xst:737 - Found 1-bit latch for signal <AluResult<5>>. Latches may be generated from incomplete case or if statements. We do not recommend the use of latches in FPGA/CPLD designs, as they may lead to timing problems.
WARNING:Xst:737 - Found 1-bit latch for signal <AluResult<4>>. Latches may be generated from incomplete case or if statements. We do not recommend the use of latches in FPGA/CPLD designs, as they may lead to timing problems.
WARNING:Xst:737 - Found 1-bit latch for signal <AluResult<3>>. Latches may be generated from incomplete case or if statements. We do not recommend the use of latches in FPGA/CPLD designs, as they may lead to timing problems.
WARNING:Xst:737 - Found 1-bit latch for signal <AluResult<2>>. Latches may be generated from incomplete case or if statements. We do not recommend the use of latches in FPGA/CPLD designs, as they may lead to timing problems.
WARNING:Xst:737 - Found 1-bit latch for signal <AluResult<1>>. Latches may be generated from incomplete case or if statements. We do not recommend the use of latches in FPGA/CPLD designs, as they may lead to timing problems.
WARNING:Xst:737 - Found 1-bit latch for signal <AluResult<0>>. Latches may be generated from incomplete case or if statements. We do not recommend the use of latches in FPGA/CPLD designs, as they may lead to timing problems.
WARNING:Xst:737 - Found 1-bit latch for signal <AluResult<31>>. Latches may be generated from incomplete case or if statements. We do not recommend the use of latches in FPGA/CPLD designs, as they may lead to timing problems.
    Found 32-bit comparator greater for signal <DataIn1[31]_DataIn2[31]_LessThan_16_o> created at line 33
    Summary:
	inferred   2 Adder/Subtractor(s).
	inferred  32 Latch(s).
	inferred   1 Comparator(s).
	inferred  33 Multiplexer(s).
Unit <Alu> synthesized.

Synthesizing Unit <two_way_mux_32_bit>.
    Related source file is "H:\FPGALab\ISEDesignProjects\PCPU\src_pcpu\datapath\mux.v".
    Summary:
	inferred   1 Multiplexer(s).
Unit <two_way_mux_32_bit> synthesized.

Synthesizing Unit <EX_MEM>.
    Related source file is "H:\FPGALab\ISEDesignProjects\PCPU\src_pcpu\datapath\EX_MEM.v".
    Found 32-bit register for signal <regdata2_out>.
    Found 5-bit register for signal <wrreg_out>.
    Found 1-bit register for signal <MemWrite_out>.
    Found 1-bit register for signal <MemtoReg_out>.
    Found 1-bit register for signal <RegWrite_out>.
    Found 3-bit register for signal <INS_ID_out>.
    Found 32-bit register for signal <aluresult>.
    Found 32-bit register for signal <regdata2>.
    Found 5-bit register for signal <wrreg>.
    Found 1-bit register for signal <MemWrite>.
    Found 1-bit register for signal <MemtoReg>.
    Found 1-bit register for signal <RegWrite>.
    Found 3-bit register for signal <INS_ID>.
    Found 32-bit register for signal <aluresult_out>.
    Summary:
	inferred 150 D-type flip-flop(s).
Unit <EX_MEM> synthesized.

Synthesizing Unit <MEM_WB>.
    Related source file is "H:\FPGALab\ISEDesignProjects\PCPU\src_pcpu\datapath\MEM_WB.v".
    Found 32-bit register for signal <aludata_out>.
    Found 5-bit register for signal <wrreg_out>.
    Found 1-bit register for signal <MemtoReg_out>.
    Found 1-bit register for signal <RegWrite_out>.
    Found 3-bit register for signal <INS_ID_out>.
    Found 32-bit register for signal <memdata>.
    Found 32-bit register for signal <aludata>.
    Found 5-bit register for signal <wrreg>.
    Found 1-bit register for signal <MemtoReg>.
    Found 1-bit register for signal <RegWrite>.
    Found 3-bit register for signal <INS_ID>.
    Found 32-bit register for signal <memdata_out>.
    Summary:
	inferred 148 D-type flip-flop(s).
Unit <MEM_WB> synthesized.

Synthesizing Unit <ForwardUnit>.
    Related source file is "H:\FPGALab\ISEDesignProjects\PCPU\src_pcpu\hazard\ForwardUnit.v".
    Found 5-bit comparator equal for signal <rs_id[4]_rd_mem[4]_equal_3_o> created at line 16
    Found 5-bit comparator equal for signal <rs_id[4]_rd_wb[4]_equal_7_o> created at line 18
    Found 5-bit comparator equal for signal <rt_id[4]_rd_mem[4]_equal_12_o> created at line 23
    Found 5-bit comparator equal for signal <rt_id[4]_rd_wb[4]_equal_16_o> created at line 25
    Summary:
	inferred   4 Comparator(s).
	inferred   2 Multiplexer(s).
Unit <ForwardUnit> synthesized.

Synthesizing Unit <three_way_mux_32_bit>.
    Related source file is "H:\FPGALab\ISEDesignProjects\PCPU\src_pcpu\datapath\mux.v".
    Summary:
	inferred   1 Multiplexer(s).
Unit <three_way_mux_32_bit> synthesized.

Synthesizing Unit <HazardUnit>.
    Related source file is "H:\FPGALab\ISEDesignProjects\PCPU\src_pcpu\hazard\HazardUnit.v".
    Found 5-bit comparator equal for signal <rt_id[4]_rt_ex[4]_equal_4_o> created at line 23
    Found 5-bit comparator equal for signal <rs_id[4]_rt_ex[4]_equal_5_o> created at line 23
    Summary:
	inferred   2 Comparator(s).
	inferred   3 Multiplexer(s).
Unit <HazardUnit> synthesized.

Synthesizing Unit <clk_div>.
    Related source file is "H:\FPGALab\ISEDesignProjects\PCPU\IO\clk_div.v".
    Found 32-bit register for signal <clkdiv>.
    Found 32-bit adder for signal <clkdiv[31]_GND_102_o_add_0_OUT> created at line 32.
    Summary:
	inferred   1 Adder/Subtractor(s).
	inferred  32 D-type flip-flop(s).
	inferred   1 Multiplexer(s).
Unit <clk_div> synthesized.

Synthesizing Unit <Counter_x>.
    Related source file is "H:\FPGALab\ISEDesignProjects\PCPU\IO\Counter_3_IO.v".
WARNING:Xst:647 - Input <clk1> is never used. This port will be preserved and left unconnected if it belongs to a top-level block or it belongs to a sub-block and the hierarchy of this sub-block is preserved.
WARNING:Xst:647 - Input <clk2> is never used. This port will be preserved and left unconnected if it belongs to a top-level block or it belongs to a sub-block and the hierarchy of this sub-block is preserved.
WARNING:Xst:653 - Signal <counter1<32>> is used but never assigned. This sourceless signal will be automatically connected to value GND.
WARNING:Xst:653 - Signal <counter2<32>> is used but never assigned. This sourceless signal will be automatically connected to value GND.
    Found 24-bit register for signal <counter_Ctrl>.
    Found 33-bit register for signal <counter0>.
    Found 32-bit register for signal <counter0_Lock>.
    Found 1-bit register for signal <sq0>.
    Found 1-bit register for signal <M0>.
    Found 1-bit register for signal <clr0>.
    Found 33-bit subtractor for signal <counter0[32]_GND_104_o_sub_26_OUT> created at line 77.
    Found 33-bit 4-to-1 multiplexer for signal <counter_Ctrl[2]_counter0[32]_wide_mux_26_OUT> created at line 70.
    Found 1-bit comparator not equal for signal <n0017> created at line 76
    Summary:
	inferred   1 Adder/Subtractor(s).
	inferred  92 D-type flip-flop(s).
	inferred   1 Comparator(s).
	inferred   5 Multiplexer(s).
Unit <Counter_x> synthesized.

=========================================================================
HDL Synthesis Report

Macro Statistics
# RAMs                                                 : 2
 32x32-bit dual-port RAM                               : 2
# Adders/Subtractors                                   : 4
 32-bit adder                                          : 2
 32-bit subtractor                                     : 1
 33-bit subtractor                                     : 1
# Registers                                            : 73
 1-bit register                                        : 27
 2-bit register                                        : 2
 24-bit register                                       : 1
 26-bit register                                       : 2
 3-bit register                                        : 8
 32-bit register                                       : 22
 33-bit register                                       : 1
 5-bit register                                        : 10
# Latches                                              : 63
 1-bit latch                                           : 63
# Comparators                                          : 8
 1-bit comparator not equal                            : 1
 32-bit comparator greater                             : 1
 5-bit comparator equal                                : 6
# Multiplexers                                         : 68
 1-bit 2-to-1 multiplexer                              : 21
 1-bit 6-to-1 multiplexer                              : 32
 2-bit 2-to-1 multiplexer                              : 2
 32-bit 2-to-1 multiplexer                             : 7
 32-bit 8-to-1 multiplexer                             : 1
 33-bit 2-to-1 multiplexer                             : 4
 33-bit 4-to-1 multiplexer                             : 1

=========================================================================
WARNING:Xst - Property LOC on signal <SW> is not of the expected size.
WARNING:Xst - Property LOC on signal <SW> is not of the expected size.
WARNING:Xst - Property LOC on signal <SW> is not of the expected size.
WARNING:Xst - Property LOC on signal <SW> is not of the expected size.
WARNING:Xst - Property LOC on signal <SW> is not of the expected size.
WARNING:Xst - Property LOC on signal <SW> is not of the expected size.
WARNING:Xst - Property LOC on signal <SW> is not of the expected size.
WARNING:Xst - Property LOC on signal <SW> is not of the expected size.

=========================================================================
*                       Advanced HDL Synthesis                          *
=========================================================================

Reading core <IO/SAnti_jitter.ngc>.
Reading core <IO/SEnter_2_32.ngc>.
Reading core <IO/MIO_BUS.ngc>.
Reading core <IO/SSeg7_Dev.ngc>.
Reading core <IO/Multi_8CH32.ngc>.
Reading core <IO/SPIO.ngc>.
Reading core <ipcore_dir/RAM_B.ngc>.
Reading core <ipcore_dir/ROM_D.ngc>.
Loading core <SAnti_jitter> for timing and area information for instance <U9>.
Loading core <SEnter_2_32> for timing and area information for instance <M4>.
Loading core <MIO_BUS> for timing and area information for instance <U4>.
Loading core <SSeg7_Dev> for timing and area information for instance <U6>.
Loading core <Multi_8CH32> for timing and area information for instance <U5>.
Loading core <SPIO> for timing and area information for instance <U7>.
Loading core <RAM_B> for timing and area information for instance <U3>.
Loading core <ROM_D> for timing and area information for instance <U2>.
WARNING:Xst:1293 - FF/Latch <ExtOp_1> has a constant value of 0 in block <ctrl>. This FF/Latch will be trimmed during the optimization process.
WARNING:Xst:1710 - FF/Latch <ExtOp_1> (without init value) has a constant value of 0 in block <id_ex>. This FF/Latch will be trimmed during the optimization process.
WARNING:Xst:1895 - Due to other FF/Latch trimming, FF/Latch <ExtOp_out_1> (without init value) has a constant value of 0 in block <id_ex>. This FF/Latch will be trimmed during the optimization process.
WARNING:Xst:2677 - Node <counter_Ctrl_0> of sequential type is unconnected in block <U10>.
WARNING:Xst:2677 - Node <counter_Ctrl_3> of sequential type is unconnected in block <U10>.
WARNING:Xst:2677 - Node <counter_Ctrl_4> of sequential type is unconnected in block <U10>.
WARNING:Xst:2677 - Node <counter_Ctrl_5> of sequential type is unconnected in block <U10>.
WARNING:Xst:2677 - Node <counter_Ctrl_6> of sequential type is unconnected in block <U10>.
WARNING:Xst:2677 - Node <counter_Ctrl_7> of sequential type is unconnected in block <U10>.
WARNING:Xst:2677 - Node <counter_Ctrl_8> of sequential type is unconnected in block <U10>.
WARNING:Xst:2677 - Node <counter_Ctrl_9> of sequential type is unconnected in block <U10>.
WARNING:Xst:2677 - Node <counter_Ctrl_10> of sequential type is unconnected in block <U10>.
WARNING:Xst:2677 - Node <counter_Ctrl_11> of sequential type is unconnected in block <U10>.
WARNING:Xst:2677 - Node <counter_Ctrl_12> of sequential type is unconnected in block <U10>.
WARNING:Xst:2677 - Node <counter_Ctrl_13> of sequential type is unconnected in block <U10>.
WARNING:Xst:2677 - Node <counter_Ctrl_14> of sequential type is unconnected in block <U10>.
WARNING:Xst:2677 - Node <counter_Ctrl_15> of sequential type is unconnected in block <U10>.
WARNING:Xst:2677 - Node <counter_Ctrl_16> of sequential type is unconnected in block <U10>.
WARNING:Xst:2677 - Node <counter_Ctrl_17> of sequential type is unconnected in block <U10>.
WARNING:Xst:2677 - Node <counter_Ctrl_18> of sequential type is unconnected in block <U10>.
WARNING:Xst:2677 - Node <counter_Ctrl_19> of sequential type is unconnected in block <U10>.
WARNING:Xst:2677 - Node <counter_Ctrl_20> of sequential type is unconnected in block <U10>.
WARNING:Xst:2677 - Node <counter_Ctrl_21> of sequential type is unconnected in block <U10>.
WARNING:Xst:2677 - Node <counter_Ctrl_22> of sequential type is unconnected in block <U10>.
WARNING:Xst:2677 - Node <counter_Ctrl_23> of sequential type is unconnected in block <U10>.
WARNING:Xst:1294 - Latch <Immediate_ext_14> is equivalent to a wire in block <ext>.
WARNING:Xst:1294 - Latch <Immediate_ext_13> is equivalent to a wire in block <ext>.
WARNING:Xst:1294 - Latch <Immediate_ext_12> is equivalent to a wire in block <ext>.
WARNING:Xst:1294 - Latch <Immediate_ext_11> is equivalent to a wire in block <ext>.
WARNING:Xst:1294 - Latch <Immediate_ext_10> is equivalent to a wire in block <ext>.
WARNING:Xst:1294 - Latch <Immediate_ext_9> is equivalent to a wire in block <ext>.
WARNING:Xst:1294 - Latch <Immediate_ext_8> is equivalent to a wire in block <ext>.
WARNING:Xst:1294 - Latch <Immediate_ext_7> is equivalent to a wire in block <ext>.
WARNING:Xst:1294 - Latch <Immediate_ext_6> is equivalent to a wire in block <ext>.
WARNING:Xst:1294 - Latch <Immediate_ext_5> is equivalent to a wire in block <ext>.
WARNING:Xst:1294 - Latch <Immediate_ext_4> is equivalent to a wire in block <ext>.
WARNING:Xst:1294 - Latch <Immediate_ext_3> is equivalent to a wire in block <ext>.
WARNING:Xst:1294 - Latch <Immediate_ext_2> is equivalent to a wire in block <ext>.
WARNING:Xst:1294 - Latch <Immediate_ext_1> is equivalent to a wire in block <ext>.
WARNING:Xst:1294 - Latch <Immediate_ext_0> is equivalent to a wire in block <ext>.
WARNING:Xst:1294 - Latch <Immediate_ext_15> is equivalent to a wire in block <ext>.

Synthesizing (advanced) Unit <PCPU>.
INFO:Xst:3226 - The RAM <gpr/Mram_Gpr1> will be implemented as a BLOCK RAM, absorbing the following register(s): <if_id/ins_out>
    -----------------------------------------------------------------------
    | ram_type           | Block                               |          |
    -----------------------------------------------------------------------
    | Port A                                                              |
    |     aspect ratio   | 32-word x 32-bit                    |          |
    |     mode           | write-first                         |          |
    |     clkA           | connected to signal <clk>           | fall     |
    |     weA            | connected to signal <RegWrite_wb>   | high     |
    |     addrA          | connected to signal <wrreg_wb>      |          |
    |     diA            | connected to signal <data_reg>      |          |
    -----------------------------------------------------------------------
    | optimization       | speed                               |          |
    -----------------------------------------------------------------------
    | Port B                                                              |
    |     aspect ratio   | 32-word x 32-bit                    |          |
    |     mode           | write-first                         |          |
    |     clkB           | connected to signal <clk>           | rise     |
    |     addrB          | connected to signal <if_id/ins<20:16>> |          |
    |     doB            | connected to internal node          |          |
    -----------------------------------------------------------------------
    | optimization       | speed                               |          |
    -----------------------------------------------------------------------
INFO:Xst:3226 - The RAM <gpr/Mram_Gpr> will be implemented as a BLOCK RAM, absorbing the following register(s): <if_id/ins_out>
    -----------------------------------------------------------------------
    | ram_type           | Block                               |          |
    -----------------------------------------------------------------------
    | Port A                                                              |
    |     aspect ratio   | 32-word x 32-bit                    |          |
    |     mode           | write-first                         |          |
    |     clkA           | connected to signal <clk>           | fall     |
    |     weA            | connected to signal <RegWrite_wb>   | high     |
    |     addrA          | connected to signal <wrreg_wb>      |          |
    |     diA            | connected to signal <data_reg>      |          |
    -----------------------------------------------------------------------
    | optimization       | speed                               |          |
    -----------------------------------------------------------------------
    | Port B                                                              |
    |     aspect ratio   | 32-word x 32-bit                    |          |
    |     mode           | write-first                         |          |
    |     clkB           | connected to signal <clk>           | rise     |
    |     addrB          | connected to signal <if_id/ins<25:21>> |          |
    |     doB            | connected to internal node          |          |
    -----------------------------------------------------------------------
    | optimization       | speed                               |          |
    -----------------------------------------------------------------------
Unit <PCPU> synthesized (advanced).

Synthesizing (advanced) Unit <clk_div>.
The following registers are absorbed into counter <clkdiv>: 1 register on signal <clkdiv>.
Unit <clk_div> synthesized (advanced).
WARNING:Xst:2677 - Node <counter_Ctrl_0> of sequential type is unconnected in block <Counter_x>.
WARNING:Xst:2677 - Node <counter_Ctrl_3> of sequential type is unconnected in block <Counter_x>.
WARNING:Xst:2677 - Node <counter_Ctrl_4> of sequential type is unconnected in block <Counter_x>.
WARNING:Xst:2677 - Node <counter_Ctrl_5> of sequential type is unconnected in block <Counter_x>.
WARNING:Xst:2677 - Node <counter_Ctrl_6> of sequential type is unconnected in block <Counter_x>.
WARNING:Xst:2677 - Node <counter_Ctrl_7> of sequential type is unconnected in block <Counter_x>.
WARNING:Xst:2677 - Node <counter_Ctrl_8> of sequential type is unconnected in block <Counter_x>.
WARNING:Xst:2677 - Node <counter_Ctrl_9> of sequential type is unconnected in block <Counter_x>.
WARNING:Xst:2677 - Node <counter_Ctrl_10> of sequential type is unconnected in block <Counter_x>.
WARNING:Xst:2677 - Node <counter_Ctrl_11> of sequential type is unconnected in block <Counter_x>.
WARNING:Xst:2677 - Node <counter_Ctrl_12> of sequential type is unconnected in block <Counter_x>.
WARNING:Xst:2677 - Node <counter_Ctrl_13> of sequential type is unconnected in block <Counter_x>.
WARNING:Xst:2677 - Node <counter_Ctrl_14> of sequential type is unconnected in block <Counter_x>.
WARNING:Xst:2677 - Node <counter_Ctrl_15> of sequential type is unconnected in block <Counter_x>.
WARNING:Xst:2677 - Node <counter_Ctrl_16> of sequential type is unconnected in block <Counter_x>.
WARNING:Xst:2677 - Node <counter_Ctrl_17> of sequential type is unconnected in block <Counter_x>.
WARNING:Xst:2677 - Node <counter_Ctrl_18> of sequential type is unconnected in block <Counter_x>.
WARNING:Xst:2677 - Node <counter_Ctrl_19> of sequential type is unconnected in block <Counter_x>.
WARNING:Xst:2677 - Node <counter_Ctrl_20> of sequential type is unconnected in block <Counter_x>.
WARNING:Xst:2677 - Node <counter_Ctrl_21> of sequential type is unconnected in block <Counter_x>.
WARNING:Xst:2677 - Node <counter_Ctrl_22> of sequential type is unconnected in block <Counter_x>.
WARNING:Xst:2677 - Node <counter_Ctrl_23> of sequential type is unconnected in block <Counter_x>.

=========================================================================
Advanced HDL Synthesis Report

Macro Statistics
# RAMs                                                 : 2
 32x32-bit dual-port block RAM                         : 2
# Adders/Subtractors                                   : 3
 32-bit adder                                          : 1
 32-bit subtractor                                     : 1
 33-bit subtractor                                     : 1
# Counters                                             : 1
 32-bit up counter                                     : 1
# Registers                                            : 680
 Flip-Flops                                            : 680
# Comparators                                          : 8
 1-bit comparator not equal                            : 1
 32-bit comparator greater                             : 1
 5-bit comparator equal                                : 6
# Multiplexers                                         : 131
 1-bit 2-to-1 multiplexer                              : 86
 1-bit 6-to-1 multiplexer                              : 32
 2-bit 2-to-1 multiplexer                              : 2
 32-bit 2-to-1 multiplexer                             : 7
 32-bit 8-to-1 multiplexer                             : 1
 33-bit 2-to-1 multiplexer                             : 2
 33-bit 4-to-1 multiplexer                             : 1

=========================================================================

=========================================================================
*                         Low Level Synthesis                           *
=========================================================================
WARNING:Xst:1293 - FF/Latch <ExtOp_1> has a constant value of 0 in block <Ctrl>. This FF/Latch will be trimmed during the optimization process.

Optimizing unit <EX_MEM> ...

Optimizing unit <Top_OExp03> ...

Optimizing unit <PCPU> ...

Optimizing unit <Ctrl> ...
INFO:Xst:2261 - The FF/Latch <ALUSrc> in Unit <Ctrl> is equivalent to the following FF/Latch, which will be removed : <INS_ID_1> 

Optimizing unit <Ext> ...

Optimizing unit <Alu> ...

Optimizing unit <Counter_x> ...
WARNING:Xst:1710 - FF/Latch <U1/id_ex/ExtOp_1> (without init value) has a constant value of 0 in block <Top_OExp03>. This FF/Latch will be trimmed during the optimization process.
WARNING:Xst:1895 - Due to other FF/Latch trimming, FF/Latch <U1/id_ex/ExtOp_out_1> (without init value) has a constant value of 0 in block <Top_OExp03>. This FF/Latch will be trimmed during the optimization process.
WARNING:Xst:2677 - Node <U1/ctrl/JUMPSrc> of sequential type is unconnected in block <Top_OExp03>.
WARNING:Xst:2677 - Node <U1/ctrl/Branch> of sequential type is unconnected in block <Top_OExp03>.
WARNING:Xst:1294 - Latch <U1/ext/Immediate_ext_15> is equivalent to a wire in block <Top_OExp03>.
WARNING:Xst:1294 - Latch <U1/ext/Immediate_ext_0> is equivalent to a wire in block <Top_OExp03>.
WARNING:Xst:1294 - Latch <U1/ext/Immediate_ext_1> is equivalent to a wire in block <Top_OExp03>.
WARNING:Xst:1294 - Latch <U1/ext/Immediate_ext_2> is equivalent to a wire in block <Top_OExp03>.
WARNING:Xst:1294 - Latch <U1/ext/Immediate_ext_3> is equivalent to a wire in block <Top_OExp03>.
WARNING:Xst:1294 - Latch <U1/ext/Immediate_ext_4> is equivalent to a wire in block <Top_OExp03>.
WARNING:Xst:1294 - Latch <U1/ext/Immediate_ext_5> is equivalent to a wire in block <Top_OExp03>.
WARNING:Xst:1294 - Latch <U1/ext/Immediate_ext_6> is equivalent to a wire in block <Top_OExp03>.
WARNING:Xst:1294 - Latch <U1/ext/Immediate_ext_7> is equivalent to a wire in block <Top_OExp03>.
WARNING:Xst:1294 - Latch <U1/ext/Immediate_ext_8> is equivalent to a wire in block <Top_OExp03>.
WARNING:Xst:1294 - Latch <U1/ext/Immediate_ext_9> is equivalent to a wire in block <Top_OExp03>.
WARNING:Xst:1294 - Latch <U1/ext/Immediate_ext_10> is equivalent to a wire in block <Top_OExp03>.
WARNING:Xst:1294 - Latch <U1/ext/Immediate_ext_11> is equivalent to a wire in block <Top_OExp03>.
WARNING:Xst:1294 - Latch <U1/ext/Immediate_ext_12> is equivalent to a wire in block <Top_OExp03>.
WARNING:Xst:1294 - Latch <U1/ext/Immediate_ext_13> is equivalent to a wire in block <Top_OExp03>.
WARNING:Xst:1294 - Latch <U1/ext/Immediate_ext_14> is equivalent to a wire in block <Top_OExp03>.
INFO:Xst:2261 - The FF/Latch <U1/id_ex/ext_11> in Unit <Top_OExp03> is equivalent to the following FF/Latch, which will be removed : <U1/id_ex/rd_0> 
INFO:Xst:2261 - The FF/Latch <U1/id_ex/ext_12> in Unit <Top_OExp03> is equivalent to the following FF/Latch, which will be removed : <U1/id_ex/rd_1> 
INFO:Xst:2261 - The FF/Latch <U1/id_ex/ext_13> in Unit <Top_OExp03> is equivalent to the following FF/Latch, which will be removed : <U1/id_ex/rd_2> 
INFO:Xst:2261 - The FF/Latch <U1/id_ex/ext_14> in Unit <Top_OExp03> is equivalent to the following FF/Latch, which will be removed : <U1/id_ex/rd_3> 
INFO:Xst:2261 - The FF/Latch <U1/id_ex/ext_15> in Unit <Top_OExp03> is equivalent to the following FF/Latch, which will be removed : <U1/id_ex/rd_4> 
INFO:Xst:2261 - The FF/Latch <U1/id_ex/ext_31> in Unit <Top_OExp03> is equivalent to the following 15 FFs/Latches, which will be removed : <U1/id_ex/ext_30> <U1/id_ex/ext_29> <U1/id_ex/ext_28> <U1/id_ex/ext_27> <U1/id_ex/ext_26> <U1/id_ex/ext_25> <U1/id_ex/ext_24> <U1/id_ex/ext_23> <U1/id_ex/ext_22> <U1/id_ex/ext_21> <U1/id_ex/ext_20> <U1/id_ex/ext_19> <U1/id_ex/ext_18> <U1/id_ex/ext_17> <U1/id_ex/ext_16> 
INFO:Xst:2261 - The FF/Latch <U1/id_ex/INS_ID_1> in Unit <Top_OExp03> is equivalent to the following 2 FFs/Latches, which will be removed : <U1/id_ex/ExtOp_0> <U1/id_ex/ALUSrc> 

Mapping all equations...
Building and optimizing final netlist ...
INFO:Xst:2261 - The FF/Latch <U1/id_ex/ext_out_11> in Unit <Top_OExp03> is equivalent to the following FF/Latch, which will be removed : <U1/id_ex/rd_out_0> 
INFO:Xst:2261 - The FF/Latch <U1/id_ex/ext_out_12> in Unit <Top_OExp03> is equivalent to the following FF/Latch, which will be removed : <U1/id_ex/rd_out_1> 
INFO:Xst:2261 - The FF/Latch <U1/id_ex/ext_out_13> in Unit <Top_OExp03> is equivalent to the following FF/Latch, which will be removed : <U1/id_ex/rd_out_2> 
INFO:Xst:2261 - The FF/Latch <U1/id_ex/ext_out_14> in Unit <Top_OExp03> is equivalent to the following FF/Latch, which will be removed : <U1/id_ex/rd_out_3> 
INFO:Xst:2261 - The FF/Latch <U1/id_ex/ext_out_15> in Unit <Top_OExp03> is equivalent to the following FF/Latch, which will be removed : <U1/id_ex/rd_out_4> 
INFO:Xst:2261 - The FF/Latch <U1/id_ex/ext_out_31> in Unit <Top_OExp03> is equivalent to the following 15 FFs/Latches, which will be removed : <U1/id_ex/ext_out_30> <U1/id_ex/ext_out_29> <U1/id_ex/ext_out_28> <U1/id_ex/ext_out_27> <U1/id_ex/ext_out_26> <U1/id_ex/ext_out_25> <U1/id_ex/ext_out_24> <U1/id_ex/ext_out_23> <U1/id_ex/ext_out_22> <U1/id_ex/ext_out_21> <U1/id_ex/ext_out_20> <U1/id_ex/ext_out_19> <U1/id_ex/ext_out_18> <U1/id_ex/ext_out_17> <U1/id_ex/ext_out_16> 
INFO:Xst:2261 - The FF/Latch <U1/id_ex/ALUSrc_out> in Unit <Top_OExp03> is equivalent to the following 2 FFs/Latches, which will be removed : <U1/id_ex/INS_ID_out_1> <U1/id_ex/ExtOp_out_0> 
Found area constraint ratio of 100 (+ 5) on block Top_OExp03, actual ratio is 1.
FlipFlop U1/id_ex/ALUSrc_out has been replicated 1 time(s)
FlipFlop U1/if_id/ins_out_16 has been replicated 1 time(s)
FlipFlop U1/if_id/ins_out_21 has been replicated 1 time(s)
FlipFlop U1/if_id/ins_out_22 has been replicated 1 time(s)
FlipFlop U1/if_id/ins_out_24 has been replicated 1 time(s)

Final Macro Processing ...

=========================================================================
Final Register Report

Macro Statistics
# Registers                                            : 671
 Flip-Flops                                            : 671

=========================================================================

=========================================================================
*                           Partition Report                            *
=========================================================================

Partition Implementation Status
-------------------------------

  No Partitions were found in this design.

-------------------------------

=========================================================================
*                            Design Summary                             *
=========================================================================

Top Level Output File Name         : Top_OExp03.ngc

Primitive and Black Box Usage:
------------------------------
# BELS                             : 2273
#      AND2                        : 8
#      AND3                        : 88
#      AND4                        : 72
#      GND                         : 4
#      INV                         : 88
#      LUT1                        : 97
#      LUT2                        : 43
#      LUT3                        : 262
#      LUT4                        : 163
#      LUT5                        : 251
#      LUT6                        : 598
#      MUXCY                       : 230
#      MUXF7                       : 54
#      OR2                         : 56
#      OR3                         : 24
#      OR4                         : 32
#      VCC                         : 5
#      XORCY                       : 198
# FlipFlops/Latches                : 1093
#      FD                          : 476
#      FD_1                        : 250
#      FDC                         : 80
#      FDCE                        : 38
#      FDCE_1                      : 15
#      FDE                         : 111
#      FDE_1                       : 46
#      FDPE_1                      : 3
#      FDR                         : 2
#      FDRE                        : 29
#      LD                          : 32
#      LDC                         : 11
# RAMS                             : 3
#      RAMB18E1                    : 2
#      RAMB36E1                    : 1
# Clock Buffers                    : 5
#      BUFG                        : 4
#      BUFGP                       : 1
# IO Buffers                       : 37
#      IBUF                        : 21
#      OBUF                        : 16

Device utilization summary:
---------------------------

Selected Device : 7k160tfbg676-2l 


Slice Logic Utilization: 
 Number of Slice Registers:            1093  out of  202800     0%  
 Number of Slice LUTs:                 1502  out of  101400     1%  
    Number used as Logic:              1502  out of  101400     1%  

Slice Logic Distribution: 
 Number of LUT Flip Flop pairs used:   2024
   Number with an unused Flip Flop:     931  out of   2024    45%  
   Number with an unused LUT:           522  out of   2024    25%  
   Number of fully used LUT-FF pairs:   571  out of   2024    28%  
   Number of unique control sets:        31

IO Utilization: 
 Number of IOs:                          38
 Number of bonded IOBs:                  38  out of    400     9%  

Specific Feature Utilization:
 Number of Block RAM/FIFO:                2  out of    325     0%  
    Number using Block RAM only:          2
 Number of BUFG/BUFGCTRLs:                5  out of     32    15%  

---------------------------
Partition Resource Summary:
---------------------------

  No Partitions were found in this design.

---------------------------


=========================================================================
Timing Report

NOTE: THESE TIMING NUMBERS ARE ONLY A SYNTHESIS ESTIMATE.
      FOR ACCURATE TIMING INFORMATION PLEASE REFER TO THE TRACE REPORT
      GENERATED AFTER PLACE-and-ROUTE.

Clock Information:
------------------
-------------------------------------------------------------------------------+------------------------------+-------+
Clock Signal                                                                   | Clock buffer(FF name)        | Load  |
-------------------------------------------------------------------------------+------------------------------+-------+
clk_100mhz                                                                     | BUFGP                        | 262   |
Clk_CPU(U8/Mmux_Clk_CPU11:O)                                                   | BUFG(*)(U1/if_id/ins_out_31) | 712   |
U1/ctrl/ins[31]_ins[5]_Select_62_o(U1/ctrl/ins[31]_ins[5]_Select_62_o3:O)      | NONE(*)(U1/ctrl/MemWrite)    | 10    |
U1/id_ex/ALUSrc_out                                                            | NONE(U1/ext/Immediate_ext_31)| 1     |
U1/alu/AluCtrl[2]_AluCtrl[2]_OR_149_o(U1/alu/AluCtrl[2]_AluCtrl[2]_OR_149_o1:O)| BUFG(*)(U1/alu/AluResult_0)  | 32    |
U8/clkdiv_6                                                                    | BUFG                         | 35    |
U9/clk1                                                                        | BUFG                         | 41    |
M4/push(M4/push1:O)                                                            | NONE(*)(M4/state_0)          | 3     |
U1/clk_inv(U1/clk_inv1:O)                                                      | NONE(*)(U1/gpr/Mram_Gpr1)    | 2     |
-------------------------------------------------------------------------------+------------------------------+-------+
(*) These 5 clock signal(s) are generated by combinatorial logic,
and XST is not able to identify which are the primary clock signals.
Please use the CLOCK_SIGNAL constraint to specify the clock signal(s) generated by combinatorial logic.
INFO:Xst:2169 - HDL ADVISOR - Some clock signals were not automatically buffered by XST with BUFG/BUFR resources. Please use the buffer_type constraint in order to insert these buffers to the clock signals to help prevent skew problems.

Asynchronous Control Signals Information:
----------------------------------------
-----------------------------------+-----------------------------------------------------------------------------------------------------------------------------------------+-------+
Control Signal                     | Buffer(FF name)                                                                                                                         | Load  |
-----------------------------------+-----------------------------------------------------------------------------------------------------------------------------------------+-------+
U3/N1(U3/XST_GND:G)                | NONE(U3/U0/xst_blk_mem_generator/gnativebmg.native_blk_mem_gen/valid.cstr/ramloop[0].ram.r/v6_init.ram/NO_BMM_INFO.SP.SIMPLE_PRIM36.ram)| 2     |
-----------------------------------+-----------------------------------------------------------------------------------------------------------------------------------------+-------+

Timing Summary:
---------------
Speed Grade: -2

   Minimum period: 4.920ns (Maximum Frequency: 203.264MHz)
   Minimum input arrival time before clock: 2.109ns
   Maximum output required time after clock: 0.658ns
   Maximum combinational path delay: No path found

Timing Details:
---------------
All values displayed in nanoseconds (ns)

=========================================================================
Timing constraint: Default period analysis for Clock 'clk_100mhz'
  Clock period: 4.920ns (frequency: 203.264MHz)
  Total number of paths / destination ports: 12105 / 333
-------------------------------------------------------------------------
Delay:               4.920ns (Levels of Logic = 12)
  Source:            U9/SW_OK_5 (FF)
  Destination:       U6/M2/buffer_51 (FF)
  Source Clock:      clk_100mhz rising
  Destination Clock: clk_100mhz rising

  Data Path: U9/SW_OK_5 to U6/M2/buffer_51
                                Gate     Net
    Cell:in->out      fanout   Delay   Delay  Logical Name (Net Name)
    ----------------------------------------  ------------
     FDE:C->Q            100   0.236   0.547  SW_OK_5 (SW_OK<5>)
     end scope: 'U9:SW_OK<5>'
     begin scope: 'U4:SW<5>'
     LUT6:I4->O            2   0.043   0.527  Mmux_Cpu_data4bus281 (Cpu_data4bus<5>)
     end scope: 'U4:Cpu_data4bus<5>'
     begin scope: 'U5:data6<5>'
     LUT6:I2->O            1   0.043   0.000  MUX1_DispData/Mmux_o_327 (MUX1_DispData/Mmux_o_327)
     MUXF7:I1->O          13   0.178   0.407  MUX1_DispData/Mmux_o_2_f7_26 (Disp_num<5>)
     end scope: 'U5:Disp_num<5>'
     begin scope: 'U6:Hexs<5>'
     INV:I->O              8   0.054   0.642  SM1/HTS6/MSEG/XLXI_3 (SM1/HTS6/MSEG/XLXN_62)
     AND3:I1->O            1   0.043   0.613  SM1/HTS6/MSEG/XLXI_35 (SM1/HTS6/MSEG/XLXN_172)
     OR3:I0->O             1   0.043   0.603  SM1/HTS6/MSEG/XLXI_36 (SM1/HTS6/MSEG/XLXN_212)
     OR2:I1->O             1   0.043   0.405  SM1/HTS6/MSEG/XLXI_51 (XLXN_390<51>)
     LUT6:I4->O            1   0.043   0.405  M2/mux11011 (M2/state[1]_GND_3_o_wide_mux_15_OUT<51>)
     LUT3:I1->O            1   0.043   0.000  M2/buffer_51_rstpot (M2/buffer_51_rstpot)
     FD:D                     -0.000          M2/buffer_51
    ----------------------------------------
    Total                      4.920ns (0.769ns logic, 4.151ns route)
                                       (15.6% logic, 84.4% route)

=========================================================================
Timing constraint: Default period analysis for Clock 'Clk_CPU'
  Clock period: 4.897ns (frequency: 204.219MHz)
  Total number of paths / destination ports: 6110 / 827
-------------------------------------------------------------------------
Delay:               2.448ns (Levels of Logic = 3)
  Source:            U1/id_ex/ALUSrc_out_1 (FF)
  Destination:       U1/if_id/ins_31 (FF)
  Source Clock:      Clk_CPU rising
  Destination Clock: Clk_CPU falling

  Data Path: U1/id_ex/ALUSrc_out_1 to U1/if_id/ins_31
                                Gate     Net
    Cell:in->out      fanout   Delay   Delay  Logical Name (Net Name)
    ----------------------------------------  ------------
     FD:C->Q               1   0.236   0.495  U1/id_ex/ALUSrc_out_1 (U1/id_ex/ALUSrc_out_1)
     LUT3:I0->O            1   0.043   0.603  U1/hazardunit/INS_ID_ex[2]_rt_id[4]_AND_55_o1 (U1/hazardunit/INS_ID_ex[2]_rt_id[4]_AND_55_o1)
     LUT5:I0->O            2   0.043   0.355  U1/hazardunit/INS_ID_ex[2]_rt_id[4]_AND_55_o6 (U1/hazardunit/INS_ID_ex[2]_rt_id[4]_AND_55_o)
     LUT3:I2->O           32   0.043   0.469  U1/hazardunit/Mmux_PcWrite11 (U1/IF_IDWrite)
     FDE_1:CE                  0.161          U1/if_id/ins_0
    ----------------------------------------
    Total                      2.448ns (0.526ns logic, 1.922ns route)
                                       (21.5% logic, 78.5% route)

=========================================================================
Timing constraint: Default period analysis for Clock 'U8/clkdiv_6'
  Clock period: 2.221ns (frequency: 450.288MHz)
  Total number of paths / destination ports: 788 / 36
-------------------------------------------------------------------------
Delay:               2.221ns (Levels of Logic = 35)
  Source:            U10/counter0_0 (FF)
  Destination:       U10/counter0_32 (FF)
  Source Clock:      U8/clkdiv_6 rising
  Destination Clock: U8/clkdiv_6 rising

  Data Path: U10/counter0_0 to U10/counter0_32
                                Gate     Net
    Cell:in->out      fanout   Delay   Delay  Logical Name (Net Name)
    ----------------------------------------  ------------
     FDC:C->Q              4   0.236   0.367  U10/counter0_0 (U10/counter0_0)
     LUT1:I0->O            1   0.043   0.000  U10/Msub_counter0[32]_GND_104_o_sub_26_OUT_cy<0>_rt (U10/Msub_counter0[32]_GND_104_o_sub_26_OUT_cy<0>_rt)
     MUXCY:S->O            1   0.238   0.000  U10/Msub_counter0[32]_GND_104_o_sub_26_OUT_cy<0> (U10/Msub_counter0[32]_GND_104_o_sub_26_OUT_cy<0>)
     MUXCY:CI->O           1   0.013   0.000  U10/Msub_counter0[32]_GND_104_o_sub_26_OUT_cy<1> (U10/Msub_counter0[32]_GND_104_o_sub_26_OUT_cy<1>)
     MUXCY:CI->O           1   0.013   0.000  U10/Msub_counter0[32]_GND_104_o_sub_26_OUT_cy<2> (U10/Msub_counter0[32]_GND_104_o_sub_26_OUT_cy<2>)
     MUXCY:CI->O           1   0.013   0.000  U10/Msub_counter0[32]_GND_104_o_sub_26_OUT_cy<3> (U10/Msub_counter0[32]_GND_104_o_sub_26_OUT_cy<3>)
     MUXCY:CI->O           1   0.013   0.000  U10/Msub_counter0[32]_GND_104_o_sub_26_OUT_cy<4> (U10/Msub_counter0[32]_GND_104_o_sub_26_OUT_cy<4>)
     MUXCY:CI->O           1   0.013   0.000  U10/Msub_counter0[32]_GND_104_o_sub_26_OUT_cy<5> (U10/Msub_counter0[32]_GND_104_o_sub_26_OUT_cy<5>)
     MUXCY:CI->O           1   0.013   0.000  U10/Msub_counter0[32]_GND_104_o_sub_26_OUT_cy<6> (U10/Msub_counter0[32]_GND_104_o_sub_26_OUT_cy<6>)
     MUXCY:CI->O           1   0.013   0.000  U10/Msub_counter0[32]_GND_104_o_sub_26_OUT_cy<7> (U10/Msub_counter0[32]_GND_104_o_sub_26_OUT_cy<7>)
     MUXCY:CI->O           1   0.013   0.000  U10/Msub_counter0[32]_GND_104_o_sub_26_OUT_cy<8> (U10/Msub_counter0[32]_GND_104_o_sub_26_OUT_cy<8>)
     MUXCY:CI->O           1   0.013   0.000  U10/Msub_counter0[32]_GND_104_o_sub_26_OUT_cy<9> (U10/Msub_counter0[32]_GND_104_o_sub_26_OUT_cy<9>)
     MUXCY:CI->O           1   0.013   0.000  U10/Msub_counter0[32]_GND_104_o_sub_26_OUT_cy<10> (U10/Msub_counter0[32]_GND_104_o_sub_26_OUT_cy<10>)
     MUXCY:CI->O           1   0.013   0.000  U10/Msub_counter0[32]_GND_104_o_sub_26_OUT_cy<11> (U10/Msub_counter0[32]_GND_104_o_sub_26_OUT_cy<11>)
     MUXCY:CI->O           1   0.013   0.000  U10/Msub_counter0[32]_GND_104_o_sub_26_OUT_cy<12> (U10/Msub_counter0[32]_GND_104_o_sub_26_OUT_cy<12>)
     MUXCY:CI->O           1   0.013   0.000  U10/Msub_counter0[32]_GND_104_o_sub_26_OUT_cy<13> (U10/Msub_counter0[32]_GND_104_o_sub_26_OUT_cy<13>)
     MUXCY:CI->O           1   0.013   0.000  U10/Msub_counter0[32]_GND_104_o_sub_26_OUT_cy<14> (U10/Msub_counter0[32]_GND_104_o_sub_26_OUT_cy<14>)
     MUXCY:CI->O           1   0.013   0.000  U10/Msub_counter0[32]_GND_104_o_sub_26_OUT_cy<15> (U10/Msub_counter0[32]_GND_104_o_sub_26_OUT_cy<15>)
     MUXCY:CI->O           1   0.013   0.000  U10/Msub_counter0[32]_GND_104_o_sub_26_OUT_cy<16> (U10/Msub_counter0[32]_GND_104_o_sub_26_OUT_cy<16>)
     MUXCY:CI->O           1   0.013   0.000  U10/Msub_counter0[32]_GND_104_o_sub_26_OUT_cy<17> (U10/Msub_counter0[32]_GND_104_o_sub_26_OUT_cy<17>)
     MUXCY:CI->O           1   0.013   0.000  U10/Msub_counter0[32]_GND_104_o_sub_26_OUT_cy<18> (U10/Msub_counter0[32]_GND_104_o_sub_26_OUT_cy<18>)
     MUXCY:CI->O           1   0.013   0.000  U10/Msub_counter0[32]_GND_104_o_sub_26_OUT_cy<19> (U10/Msub_counter0[32]_GND_104_o_sub_26_OUT_cy<19>)
     MUXCY:CI->O           1   0.013   0.000  U10/Msub_counter0[32]_GND_104_o_sub_26_OUT_cy<20> (U10/Msub_counter0[32]_GND_104_o_sub_26_OUT_cy<20>)
     MUXCY:CI->O           1   0.013   0.000  U10/Msub_counter0[32]_GND_104_o_sub_26_OUT_cy<21> (U10/Msub_counter0[32]_GND_104_o_sub_26_OUT_cy<21>)
     MUXCY:CI->O           1   0.013   0.000  U10/Msub_counter0[32]_GND_104_o_sub_26_OUT_cy<22> (U10/Msub_counter0[32]_GND_104_o_sub_26_OUT_cy<22>)
     MUXCY:CI->O           1   0.013   0.000  U10/Msub_counter0[32]_GND_104_o_sub_26_OUT_cy<23> (U10/Msub_counter0[32]_GND_104_o_sub_26_OUT_cy<23>)
     MUXCY:CI->O           1   0.013   0.000  U10/Msub_counter0[32]_GND_104_o_sub_26_OUT_cy<24> (U10/Msub_counter0[32]_GND_104_o_sub_26_OUT_cy<24>)
     MUXCY:CI->O           1   0.013   0.000  U10/Msub_counter0[32]_GND_104_o_sub_26_OUT_cy<25> (U10/Msub_counter0[32]_GND_104_o_sub_26_OUT_cy<25>)
     MUXCY:CI->O           1   0.013   0.000  U10/Msub_counter0[32]_GND_104_o_sub_26_OUT_cy<26> (U10/Msub_counter0[32]_GND_104_o_sub_26_OUT_cy<26>)
     MUXCY:CI->O           1   0.013   0.000  U10/Msub_counter0[32]_GND_104_o_sub_26_OUT_cy<27> (U10/Msub_counter0[32]_GND_104_o_sub_26_OUT_cy<27>)
     MUXCY:CI->O           1   0.013   0.000  U10/Msub_counter0[32]_GND_104_o_sub_26_OUT_cy<28> (U10/Msub_counter0[32]_GND_104_o_sub_26_OUT_cy<28>)
     MUXCY:CI->O           1   0.013   0.000  U10/Msub_counter0[32]_GND_104_o_sub_26_OUT_cy<29> (U10/Msub_counter0[32]_GND_104_o_sub_26_OUT_cy<29>)
     MUXCY:CI->O           1   0.013   0.000  U10/Msub_counter0[32]_GND_104_o_sub_26_OUT_cy<30> (U10/Msub_counter0[32]_GND_104_o_sub_26_OUT_cy<30>)
     MUXCY:CI->O           0   0.013   0.000  U10/Msub_counter0[32]_GND_104_o_sub_26_OUT_cy<31> (U10/Msub_counter0[32]_GND_104_o_sub_26_OUT_cy<31>)
     XORCY:CI->O           1   0.262   0.613  U10/Msub_counter0[32]_GND_104_o_sub_26_OUT_xor<32> (U10/counter0[32]_GND_104_o_sub_26_OUT<32>)
     LUT6:I0->O            1   0.043   0.000  U10/Mmux_counter_Ctrl[2]_counter0[32]_wide_mux_26_OUT262 (U10/counter_Ctrl[2]_counter0[32]_wide_mux_26_OUT<32>)
     FDC:D                    -0.000          U10/counter0_32
    ----------------------------------------
    Total                      2.221ns (1.240ns logic, 0.980ns route)
                                       (55.9% logic, 44.1% route)

=========================================================================
Timing constraint: Default period analysis for Clock 'U9/clk1'
  Clock period: 2.152ns (frequency: 464.587MHz)
  Total number of paths / destination ports: 1454 / 90
-------------------------------------------------------------------------
Delay:               2.152ns (Levels of Logic = 7)
  Source:            U9/counter_8 (FF)
  Destination:       U9/Key_x_0 (FF)
  Source Clock:      U9/clk1 rising
  Destination Clock: U9/clk1 rising

  Data Path: U9/counter_8 to U9/Key_x_0
                                Gate     Net
    Cell:in->out      fanout   Delay   Delay  Logical Name (Net Name)
    ----------------------------------------  ------------
     FDRE:C->Q             3   0.236   0.615  counter_8 (counter<8>)
     LUT5:I0->O            1   0.043   0.000  Mcompar_counter[31]_GND_1_o_LessThan_5_o_lut<0> (Mcompar_counter[31]_GND_1_o_LessThan_5_o_lut<0>)
     MUXCY:S->O            1   0.238   0.000  Mcompar_counter[31]_GND_1_o_LessThan_5_o_cy<0> (Mcompar_counter[31]_GND_1_o_LessThan_5_o_cy<0>)
     MUXCY:CI->O           1   0.013   0.000  Mcompar_counter[31]_GND_1_o_LessThan_5_o_cy<1> (Mcompar_counter[31]_GND_1_o_LessThan_5_o_cy<1>)
     MUXCY:CI->O           1   0.013   0.000  Mcompar_counter[31]_GND_1_o_LessThan_5_o_cy<2> (Mcompar_counter[31]_GND_1_o_LessThan_5_o_cy<2>)
     MUXCY:CI->O           1   0.013   0.000  Mcompar_counter[31]_GND_1_o_LessThan_5_o_cy<3> (Mcompar_counter[31]_GND_1_o_LessThan_5_o_cy<3>)
     MUXCY:CI->O           8   0.013   0.378  Mcompar_counter[31]_GND_1_o_LessThan_5_o_cy<4> (Mcompar_counter[31]_GND_1_o_LessThan_5_o_cy<4>)
     INV:I->O              7   0.054   0.373  _n0225_inv1_cepot_INV_0 (_n0225_inv1_cepot)
     FDE:CE                    0.161          Key_x_0
    ----------------------------------------
    Total                      2.152ns (0.786ns logic, 1.366ns route)
                                       (36.5% logic, 63.5% route)

=========================================================================
Timing constraint: Default period analysis for Clock 'M4/push'
  Clock period: 1.069ns (frequency: 935.060MHz)
  Total number of paths / destination ports: 6 / 3
-------------------------------------------------------------------------
Delay:               1.069ns (Levels of Logic = 1)
  Source:            M4/state_0 (FF)
  Destination:       M4/state_0 (FF)
  Source Clock:      M4/push rising
  Destination Clock: M4/push rising

  Data Path: M4/state_0 to M4/state_0
                                Gate     Net
    Cell:in->out      fanout   Delay   Delay  Logical Name (Net Name)
    ----------------------------------------  ------------
     FDE:C->Q             19   0.236   0.440  state_0 (state<0>)
     INV:I->O              1   0.054   0.339  Result<0>1_INV_0 (Result<0>)
     FDE:D                    -0.000          state_0
    ----------------------------------------
    Total                      1.069ns (0.290ns logic, 0.779ns route)
                                       (27.1% logic, 72.9% route)

=========================================================================
Timing constraint: Default OFFSET IN BEFORE for Clock 'clk_100mhz'
  Total number of paths / destination ports: 1195 / 100
-------------------------------------------------------------------------
Offset:              2.089ns (Levels of Logic = 10)
  Source:            SW<2> (PAD)
  Destination:       U9/SW_OK_0 (FF)
  Destination Clock: clk_100mhz rising

  Data Path: SW<2> to U9/SW_OK_0
                                Gate     Net
    Cell:in->out      fanout   Delay   Delay  Logical Name (Net Name)
    ----------------------------------------  ------------
     IBUF:I->O             3   0.000   0.625  SW_2_IBUF (SW_2_IBUF)
     begin scope: 'U9:SW<2>'
     LUT6:I0->O            1   0.043   0.000  Mcompar_sw_temp[15]_SW[15]_not_equal_100_o_lut<0> (Mcompar_sw_temp[15]_SW[15]_not_equal_100_o_lut<0>)
     MUXCY:S->O            1   0.238   0.000  Mcompar_sw_temp[15]_SW[15]_not_equal_100_o_cy<0> (Mcompar_sw_temp[15]_SW[15]_not_equal_100_o_cy<0>)
     MUXCY:CI->O           1   0.013   0.000  Mcompar_sw_temp[15]_SW[15]_not_equal_100_o_cy<1> (Mcompar_sw_temp[15]_SW[15]_not_equal_100_o_cy<1>)
     MUXCY:CI->O           1   0.013   0.000  Mcompar_sw_temp[15]_SW[15]_not_equal_100_o_cy<2> (Mcompar_sw_temp[15]_SW[15]_not_equal_100_o_cy<2>)
     MUXCY:CI->O           1   0.013   0.000  Mcompar_sw_temp[15]_SW[15]_not_equal_100_o_cy<3> (Mcompar_sw_temp[15]_SW[15]_not_equal_100_o_cy<3>)
     MUXCY:CI->O           1   0.013   0.000  Mcompar_sw_temp[15]_SW[15]_not_equal_100_o_cy<4> (Mcompar_sw_temp[15]_SW[15]_not_equal_100_o_cy<4>)
     MUXCY:CI->O          43   0.013   0.471  Mcompar_sw_temp[15]_SW[15]_not_equal_100_o_cy<5> (sw_temp[15]_SW[15]_not_equal_100_o)
     INV:I->O             17   0.054   0.429  _n0243_inv1_cepot_cepot_INV_0 (_n0243_inv1_cepot_cepot)
     FDE:CE                    0.161          SW_OK_0
    ----------------------------------------
    Total                      2.089ns (0.563ns logic, 1.525ns route)
                                       (27.0% logic, 73.0% route)

=========================================================================
Timing constraint: Default OFFSET IN BEFORE for Clock 'U9/clk1'
  Total number of paths / destination ports: 176 / 41
-------------------------------------------------------------------------
Offset:              2.109ns (Levels of Logic = 6)
  Source:            BTN_y<3> (PAD)
  Destination:       U9/Key_x_1 (FF)
  Destination Clock: U9/clk1 rising

  Data Path: BTN_y<3> to U9/Key_x_1
                                Gate     Net
    Cell:in->out      fanout   Delay   Delay  Logical Name (Net Name)
    ----------------------------------------  ------------
     IBUF:I->O             6   0.000   0.550  BTN_y_3_IBUF (BTN_y_3_IBUF)
     begin scope: 'U9:Key_y<3>'
     LUT4:I0->O           12   0.043   0.674  out1 (n0016)
     LUT6:I0->O            3   0.043   0.362  _n0295<0>1 (_n0295<0>)
     LUT6:I5->O            1   0.043   0.350  Key_x[4]_PWR_1_o_select_74_OUT<1>1 (Key_x[4]_PWR_1_o_select_74_OUT<4>)
     LUT3:I2->O            1   0.043   0.000  Key_x_4_dpot (Key_x_4_dpot)
     FDE:D                    -0.000          Key_x_4
    ----------------------------------------
    Total                      2.109ns (0.172ns logic, 1.937ns route)
                                       (8.2% logic, 91.8% route)

=========================================================================
Timing constraint: Default OFFSET OUT AFTER for Clock 'U9/clk1'
  Total number of paths / destination ports: 6 / 6
-------------------------------------------------------------------------
Offset:              0.658ns (Levels of Logic = 2)
  Source:            U9/Key_x_4 (FF)
  Destination:       BTN_x<4> (PAD)
  Source Clock:      U9/clk1 rising

  Data Path: U9/Key_x_4 to BTN_x<4>
                                Gate     Net
    Cell:in->out      fanout   Delay   Delay  Logical Name (Net Name)
    ----------------------------------------  ------------
     FDE:C->Q             16   0.236   0.422  Key_x_4 (Key_x<4>)
     end scope: 'U9:Key_x<4>'
     OBUF:I->O                 0.000          BTN_x_4_OBUF (BTN_x<4>)
    ----------------------------------------
    Total                      0.658ns (0.236ns logic, 0.422ns route)
                                       (35.8% logic, 64.2% route)

=========================================================================
Timing constraint: Default OFFSET OUT AFTER for Clock 'clk_100mhz'
  Total number of paths / destination ports: 5 / 5
-------------------------------------------------------------------------
Offset:              0.625ns (Levels of Logic = 2)
  Source:            U6/M2/s_clk (FF)
  Destination:       seg_clk (PAD)
  Source Clock:      clk_100mhz rising

  Data Path: U6/M2/s_clk to seg_clk
                                Gate     Net
    Cell:in->out      fanout   Delay   Delay  Logical Name (Net Name)
    ----------------------------------------  ------------
     FDC:C->Q             10   0.236   0.389  M2/s_clk (seg_clk)
     end scope: 'U6:seg_clk'
     OBUF:I->O                 0.000          seg_clk_OBUF (seg_clk)
    ----------------------------------------
    Total                      0.625ns (0.236ns logic, 0.389ns route)
                                       (37.7% logic, 62.3% route)

=========================================================================
Timing constraint: Default OFFSET OUT AFTER for Clock 'Clk_CPU'
  Total number of paths / destination ports: 3 / 3
-------------------------------------------------------------------------
Offset:              0.592ns (Levels of Logic = 2)
  Source:            U7/P2S_led/s_clk (FF)
  Destination:       led_clk (PAD)
  Source Clock:      Clk_CPU falling

  Data Path: U7/P2S_led/s_clk to led_clk
                                Gate     Net
    Cell:in->out      fanout   Delay   Delay  Logical Name (Net Name)
    ----------------------------------------  ------------
     FDC:C->Q              4   0.236   0.356  P2S_led/s_clk (led_clk)
     end scope: 'U7:led_clk'
     OBUF:I->O                 0.000          led_clk_OBUF (led_clk)
    ----------------------------------------
    Total                      0.592ns (0.236ns logic, 0.356ns route)
                                       (39.9% logic, 60.1% route)

=========================================================================

Cross Clock Domains Report:
--------------------------

Clock to Setup on destination clock Clk_CPU
-------------------------------------+---------+---------+---------+---------+
                                     | Src:Rise| Src:Fall| Src:Rise| Src:Fall|
Source Clock                         |Dest:Rise|Dest:Rise|Dest:Fall|Dest:Fall|
-------------------------------------+---------+---------+---------+---------+
Clk_CPU                              |    2.015|    1.007|    2.448|         |
U1/alu/AluCtrl[2]_AluCtrl[2]_OR_149_o|         |         |    0.669|         |
U1/ctrl/ins[31]_ins[5]_Select_62_o   |         |         |    0.669|         |
U1/id_ex/ALUSrc_out                  |         |         |    0.669|         |
U8/clkdiv_6                          |         |         |    1.382|         |
clk_100mhz                           |    1.407|         |    1.626|         |
-------------------------------------+---------+---------+---------+---------+

Clock to Setup on destination clock M4/push
---------------+---------+---------+---------+---------+
               | Src:Rise| Src:Fall| Src:Rise| Src:Fall|
Source Clock   |Dest:Rise|Dest:Rise|Dest:Fall|Dest:Fall|
---------------+---------+---------+---------+---------+
M4/push        |    1.069|         |         |         |
U9/clk1        |    0.818|         |         |         |
clk_100mhz     |    1.340|         |         |         |
---------------+---------+---------+---------+---------+

Clock to Setup on destination clock U1/alu/AluCtrl[2]_AluCtrl[2]_OR_149_o
---------------+---------+---------+---------+---------+
               | Src:Rise| Src:Fall| Src:Rise| Src:Fall|
Source Clock   |Dest:Rise|Dest:Rise|Dest:Fall|Dest:Fall|
---------------+---------+---------+---------+---------+
Clk_CPU        |         |         |    5.912|         |
---------------+---------+---------+---------+---------+

Clock to Setup on destination clock U1/clk_inv
---------------+---------+---------+---------+---------+
               | Src:Rise| Src:Fall| Src:Rise| Src:Fall|
Source Clock   |Dest:Rise|Dest:Rise|Dest:Fall|Dest:Fall|
---------------+---------+---------+---------+---------+
Clk_CPU        |    1.814|         |         |         |
---------------+---------+---------+---------+---------+

Clock to Setup on destination clock U1/ctrl/ins[31]_ins[5]_Select_62_o
---------------+---------+---------+---------+---------+
               | Src:Rise| Src:Fall| Src:Rise| Src:Fall|
Source Clock   |Dest:Rise|Dest:Rise|Dest:Fall|Dest:Fall|
---------------+---------+---------+---------+---------+
Clk_CPU        |         |         |    2.617|         |
---------------+---------+---------+---------+---------+

Clock to Setup on destination clock U1/id_ex/ALUSrc_out
---------------+---------+---------+---------+---------+
               | Src:Rise| Src:Fall| Src:Rise| Src:Fall|
Source Clock   |Dest:Rise|Dest:Rise|Dest:Fall|Dest:Fall|
---------------+---------+---------+---------+---------+
Clk_CPU        |         |         |    1.363|         |
---------------+---------+---------+---------+---------+

Clock to Setup on destination clock U8/clkdiv_6
---------------+---------+---------+---------+---------+
               | Src:Rise| Src:Fall| Src:Rise| Src:Fall|
Source Clock   |Dest:Rise|Dest:Rise|Dest:Fall|Dest:Fall|
---------------+---------+---------+---------+---------+
Clk_CPU        |         |    2.133|         |         |
U8/clkdiv_6    |    2.221|         |         |         |
clk_100mhz     |    1.528|         |         |         |
---------------+---------+---------+---------+---------+

Clock to Setup on destination clock U9/clk1
---------------+---------+---------+---------+---------+
               | Src:Rise| Src:Fall| Src:Rise| Src:Fall|
Source Clock   |Dest:Rise|Dest:Rise|Dest:Fall|Dest:Fall|
---------------+---------+---------+---------+---------+
U9/clk1        |    2.152|         |         |         |
clk_100mhz     |    1.292|         |         |         |
---------------+---------+---------+---------+---------+

Clock to Setup on destination clock clk_100mhz
---------------+---------+---------+---------+---------+
               | Src:Rise| Src:Fall| Src:Rise| Src:Fall|
Source Clock   |Dest:Rise|Dest:Rise|Dest:Fall|Dest:Fall|
---------------+---------+---------+---------+---------+
Clk_CPU        |    5.904|    4.153|    1.823|         |
M4/push        |    1.928|         |         |         |
U8/clkdiv_6    |    4.915|         |         |         |
U9/clk1        |    1.100|         |         |         |
clk_100mhz     |    4.920|         |         |         |
---------------+---------+---------+---------+---------+

=========================================================================


Total REAL time to Xst completion: 14.00 secs
Total CPU time to Xst completion: 13.83 secs
 
--> 

Total memory usage is 449532 kilobytes

Number of errors   :    0 (   0 filtered)
Number of warnings :  195 (   0 filtered)
Number of infos    :   28 (   0 filtered)

